08-Dec-2022 08:38:56.210 INFOS [localhost-startStop-1] org.apache.jasper.servlet.TldScanner.scanJars Au moins un fichier JAR a été analysé pour trouver des TLDs mais il n'en contenait pas, le mode "debug" du journal peut être activé pour obtenir une liste complète de JAR scannés sans succès; éviter d'analyser des JARs inutilement peut améliorer sensiblement le temps de démarrage et le temps de compilation des JSPs
08-Dec-2022 08:38:56.254 INFOS [localhost-startStop-1] org.apache.catalina.startup.HostConfig.deployWAR Le déploiement de l'archive de l'application web [/home/ftestu/2A/Intergiciels/apache_tomcat/webapps/marks.war] s'est terminé en [532] ms
08-Dec-2022 08:38:56.257 INFOS [localhost-startStop-1] org.apache.catalina.startup.HostConfig.deployWAR Déploiement de l'archive [/home/ftestu/2A/Intergiciels/apache_tomcat/webapps/students-server.war] de l'application web
08-Dec-2022 08:38:56.456 INFOS [localhost-startStop-1] org.apache.jasper.servlet.TldScanner.scanJars Au moins un fichier JAR a été analysé pour trouver des TLDs mais il n'en contenait pas, le mode "debug" du journal peut être activé pour obtenir une liste complète de JAR scannés sans succès; éviter d'analyser des JARs inutilement peut améliorer sensiblement le temps de démarrage et le temps de compilation des JSPs
08-Dec-2022 08:38:56.458 INFOS [localhost-startStop-1] org.apache.catalina.startup.HostConfig.deployWAR Le déploiement de l'archive de l'application web [/home/ftestu/2A/Intergiciels/apache_tomcat/webapps/students-server.war] s'est terminé en [201] ms
08-Dec-2022 08:38:56.461 INFOS [localhost-startStop-1] org.apache.catalina.startup.HostConfig.deployWAR Déploiement de l'archive [/home/ftestu/2A/Intergiciels/apache_tomcat/webapps/soap.war] de l'application web
08-Dec-2022 08:38:56.869 INFOS [localhost-startStop-1] org.apache.jasper.servlet.TldScanner.scanJars Au moins un fichier JAR a été analysé pour trouver des TLDs mais il n'en contenait pas, le mode "debug" du journal peut être activé pour obtenir une liste complète de JAR scannés sans succès; éviter d'analyser des JARs inutilement peut améliorer sensiblement le temps de démarrage et le temps de compilation des JSPs
08-Dec-2022 08:38:56.971 AVERTISSEMENT [localhost-startStop-1] org.apache.axis.utils.JavaUtils.isAttachmentSupported Unable to find required classes (javax.activation.DataHandler and javax.mail.internet.MimeMultipart). Attachment support is disabled.
08-Dec-2022 08:38:57.252 INFOS [localhost-startStop-1] org.apache.catalina.startup.HostConfig.deployWAR Le déploiement de l'archive de l'application web [/home/ftestu/2A/Intergiciels/apache_tomcat/webapps/soap.war] s'est terminé en [791] ms
08-Dec-2022 08:38:57.253 INFOS [localhost-startStop-1] org.apache.catalina.startup.HostConfig.deployDirectory Déploiement du répertoire d'application web [/home/ftestu/2A/Intergiciels/apache_tomcat/webapps/docs]
08-Dec-2022 08:38:57.629 INFOS [localhost-startStop-1] org.apache.jasper.servlet.TldScanner.scanJars Au moins un fichier JAR a été analysé pour trouver des TLDs mais il n'en contenait pas, le mode "debug" du journal peut être activé pour obtenir une liste complète de JAR scannés sans succès; éviter d'analyser des JARs inutilement peut améliorer sensiblement le temps de démarrage et le temps de compilation des JSPs
08-Dec-2022 08:38:57.632 INFOS [localhost-startStop-1] org.apache.catalina.startup.HostConfig.deployDirectory Le déploiement du répertoire [/home/ftestu/2A/Intergiciels/apache_tomcat/webapps/docs] de l'application web s'est terminé en [379] ms
08-Dec-2022 08:38:57.632 INFOS [localhost-startStop-1] org.apache.catalina.startup.HostConfig.deployDirectory Déploiement du répertoire d'application web [/home/ftestu/2A/Intergiciels/apache_tomcat/webapps/examples]
08-Dec-2022 08:38:58.135 INFOS [localhost-startStop-1] org.apache.jasper.servlet.TldScanner.scanJars Au moins un fichier JAR a été analysé pour trouver des TLDs mais il n'en contenait pas, le mode "debug" du journal peut être activé pour obtenir une liste complète d08-Dec-2022 09:39:02.373 INFOS [main] org.apache.catalina.startup.VersionLoggerListener.log Version du serveur:        Apache Tomcat/8.5.47
08-Dec-2022 09:39:02.376 INFOS [main] org.apache.catalina.startup.VersionLoggerListener.log Serveur compilé:       Oct 7 2019 13:30:46 UTC
08-Dec-2022 09:39:02.376 INFOS [main] org.apache.catalina.startup.VersionLoggerListener.log Version du serveur:      8.5.47.0
08-Dec-2022 09:39:02.377 INFOS [main] org.apache.catalina.startup.VersionLoggerListener.log Nom de l'OS:           Linux
08-Dec-2022 09:39:02.377 INFOS [main] org.apache.catalina.startup.VersionLoggerListener.log Version de l'OS:        5.4.0-89-generic
08-Dec-2022 09:39:02.378 INFOS [main] org.apache.catalina.startup.VersionLoggerListener.log Architecture:          amd64
08-Dec-2022 09:39:02.378 INFOS [main] org.apache.catalina.startup.VersionLoggerListener.log Répertoire de Java:     /mnt/n7fs/ens/tp_dh/jdk1.8.0_202/jre
08-Dec-2022 09:39:02.378 INFOS [main] org.apache.catalina.startup.VersionLoggerListener.log Version de la JVM:           1.8.0_202-b08
08-Dec-2022 09:39:02.378 INFOS [main] org.apache.catalina.startup.VersionLoggerListener.log Fournisseur de la JVM:            Oracle Corporation
08-Dec-2022 09:39:02.379 INFOS [main] org.apache.catalina.startup.VersionLoggerListener.log CATALINA_BASE:         /home/ftestu/2A/Intergiciels/apache_tomcat
08-Dec-2022 09:39:02.379 INFOS [main] org.apache.catalina.startup.VersionLoggerListener.log CATALINA_HOME:         /home/ftestu/2A/Intergiciels/apache_tomcat
08-Dec-2022 09:39:02.379 INFOS [main] org.apache.catalina.startup.VersionLoggerListener.log Argument de la ligne de commande: -Djava.util.logging.config.file=/home/ftestu/2A/Intergiciels/apache_tomcat/conf/logging.properties
08-Dec-2022 09:39:02.380 INFOS [main] org.apache.catalina.startup.VersionLoggerListener.log Argument de la ligne de commande: -Djava.util.logging.manager=org.apache.juli.ClassLoaderLogManager
08-Dec-2022 09:39:02.380 INFOS [main] org.apache.catalina.startup.VersionLoggerListener.log Argument de la ligne de commande: -Djdk.tls.ephemeralDHKeySize=2048
08-Dec-2022 09:39:02.380 INFOS [main] org.apache.catalina.startup.VersionLoggerListener.log Argument de la ligne de commande: -Djava.protocol.handler.pkgs=org.apache.catalina.webresources
08-Dec-2022 09:39:02.380 INFOS [main] org.apache.catalina.startup.VersionLoggerListener.log Argument de la ligne de commande: -Dorg.apache.catalina.security.SecurityListener.UMASK=0027
08-Dec-2022 09:39:02.381 INFOS [main] org.apache.catalina.startup.VersionLoggerListener.log Argument de la ligne de commande: -Dignore.endorsed.dirs=
08-Dec-2022 09:39:02.381 INFOS [main] org.apache.catalina.startup.VersionLoggerListener.log Argument de la ligne de commande: -Dcatalina.base=/home/ftestu/2A/Intergiciels/apache_tomcat
08-Dec-2022 09:39:02.381 INFOS [main] org.apache.catalina.startup.VersionLoggerListener.log Argument de la ligne de commande: -Dcatalina.home=/home/ftestu/2A/Intergiciels/apache_tomcat
08-Dec-2022 09:39:02.382 INFOS [main] org.apache.catalina.startup.VersionLoggerListener.log Argument de la ligne de commande: -Djava.io.tmpdir=/home/ftestu/2A/Intergiciels/apache_tomcat/temp
08-Dec-2022 09:39:02.382 INFOS [main] org.apache.catalina.core.AprLifecycleListener.lifecycleEvent La librairie Apache Tomcat Native basée sur APR qui permet des performances optimales dans les environnements de production n'a pas été trouvée sur le java.library.path: [/usr/java/packages/lib/amd64:/usr/lib64:/lib64:/lib:/usr/lib]
08-Dec-2022 09:39:02.500 INFOS [main] org.apache.coyote.AbstractProtocol.init Initialisation du gestionnaire de protocole ["http-nio-8080"]
08-Dec-2022 09:39:02.507 INFOS [main] org.apache.tomcat.util.net.NioSelectorPool.getSharedSelector Using a shared selector for servlet write/read
08-Dec-2022 09:39:02.515 INFOS [main] org.apache.coyote.AbstractProtocol.init Initialisation du gestionnaire de protocole ["ajp-nio-8009"]
08-Dec-2022 09:39:02.516 INFOS [main] org.apache.tomcat.util.net.NioSelectorPool.getSharedSelector Using a shared selector for servlet write/read
08-Dec-2022 09:39:02.517 INFOS [main] org.apache.catalina.startup.Catalina.load Initialization processed in 398 ms
08-Dec-2022 09:39:02.536 INFOS [main] org.apache.catalina.core.StandardService.startInternal Démarrage du service [Catalina]
08-Dec-2022 09:39:02.536 INFOS [main] org.apache.catalina.core.StandardEngine.startInternal Starting Servlet Engine: Apache Tomcat/8.5.47
08-Dec-2022 09:39:02.552 INFOS [localhost-startStop-1] org.apache.catalina.startup.HostConfig.deployWAR Déploiement de l'archive [/home/ftestu/2A/Intergiciels/apache_tomcat/webapps/marks.war] de l'application web
08-Dec-2022 09:39:02.927 INFOS [localhost-startStop-1] org.apache.jasper.servlet.TldScanner.scanJars Au moins un fichier JAR a été analysé pour trouver des TLDs mais il n'en contenait pas, le mode "debug" du journal peut être activé pour obtenir une liste complète de JAR scannés sans succès; éviter d'analyser des JARs inutilement peut améliorer sensiblement le temps de démarrage et le temps de compilation des JSPs
08-Dec-2022 09:39:02.955 INFOS [localhost-startStop-1] org.apache.catalina.startup.HostConfig.deployWAR Le déploiement de l'archive de l'application web [/home/ftestu/2A/Intergiciels/apache_tomcat/webapps/marks.war] s'est terminé en [402] ms
08-Dec-2022 09:39:02.956 INFOS [localhost-startStop-1] org.apache.catalina.startup.HostConfig.deployWAR Déploiement de l'archive [/home/ftestu/2A/Intergiciels/apache_tomcat/webapps/students-server.war] de l'application web
08-Dec-2022 09:39:02.958 INFOS [localhost-startStop-1] org.apache.catalina.startup.ExpandWar.expand Un répertoire décompressé [/home/ftestu/2A/Intergiciels/apache_tomcat/webapps/students-server] a été trouvé avec une date de dernière modification qui ne correspond pas au WAR associé, il sera effacé
08-Dec-2022 09:39:03.170 INFOS [localhost-startStop-1] org.apache.jasper.servlet.TldScanner.scanJars Au moins un fichier JAR a été analysé pour trouver des TLDs mais il n'en contenait pas, le mode "debug" du journal peut être activé pour obtenir une liste complète de JAR scannés sans succès; éviter d'analyser des JARs inutilement peut améliorer sensiblement le temps de démarrage et le temps de compilation des JSPs
08-Dec-2022 09:39:03.185 INFOS [localhost-startStop-1] org.apache.catalina.startup.HostConfig.deployWAR Le déploiement de l'archive de l'application web [/home/ftestu/2A/Intergiciels/apache_tomcat/webapps/students-server.war] s'est terminé en [228] ms
08-Dec-2022 09:39:03.186 INFOS [localhost-startStop-1] org.apache.catalina.startup.HostConfig.deployWAR Déploiement de l'archive [/home/ftestu/2A/Intergiciels/apache_tomcat/webapps/soap.war] de l'application web
08-Dec-2022 09:39:03.520 INFOS [localhost-startStop-1] org.apache.jasper.servlet.TldScanner.scanJars Au moins un fichier JAR a été analysé pour trouver des TLDs mais il n'en contenait pas, le mode "debug" du journal peut être activé pour obtenir une liste complète de JAR scannés sans succès; éviter d'analyser des JARs inutilement peut améliorer sensiblement le temps de démarrage et le temps de compilation des JSPs
08-Dec-2022 09:39:03.605 AVERTISSEMENT [localhost-startStop-1] org.apache.axis.utils.JavaUtils.isAttachmentSupported Unable to find required classes (javax.activation.DataHandler and javax.mail.internet.MimeMultipart). Attachment support is disabled.
08-Dec-2022 09:39:03.902 INFOS [localhost-startStop-1] org.apache.catalina.startup.HostConfig.deployWAR Le déploiement de l'archive de l'application web [/home/ftestu/2A/Intergiciels/apache_tomcat/webapps/soap.war] s'est terminé en [716] ms
08-Dec-2022 09:39:03.903 INFOS [localhost-startStop-1] org.apache.catalina.startup.HostConfig.deployDirectory Déploiement du répertoire d'application web [/home/ftestu/2A/Intergiciels/apache_tomcat/webapps/docs]
08-Dec-2022 09:39:04.461 INFOS [localhost-startStop-1] org.apache.jasper.servlet.TldScanner.scanJars Au moins un fichier JAR a été analysé pour trouver des TLDs mais il n'en contenait pas, le mode "debug" du journal peut être activé pour obtenir une liste complète de JAR scannés sans succès; éviter d'analyser des JARs inutilement peut améliorer sensiblement le temps de démarrage et le temps de compilation des JSPs
08-Dec-2022 09:39:04.463 INFOS [localhost-startStop-1] org.apache.catalina.startup.HostConfig.deployDirectory Le déploiement du répertoire [/home/ftestu/2A/Intergiciels/apache_tomcat/webapps/docs] de l'application web s'est terminé en [560] ms
08-Dec-2022 09:39:04.464 INFOS [localhost-startStop-1] org.apache.catalina.startup.HostConfig.deployDirectory Déploiement du répertoire d'application web [/home/ftestu/2A/Intergiciels/apache_tomcat/webapps/examples]
08-Dec-2022 09:39:04.808 INFOS [localhost-startStop-1] org.apache.jasper.servlet.TldScanner.scanJars Au moins un fichier JAR a été analysé pour trouver des TLDs mais il n'en contenait pas, le mode "debug" du journal peut être activé pour obtenir une liste complète de JAR scannés sans succès; éviter d'analyser des JARs inutilement peut améliorer sensiblement le temps de démarrage et le temps de compilation des JSPs
08-Dec-2022 09:39:04.835 INFOS [localhost-startStop-1] org.apache.catalina.startup.HostConfig.deployDirectory Le déploiement du répertoire [/home/ftestu/2A/Intergiciels/apache_tomcat/webapps/examples] de l'application web s'est terminé en [371] ms
08-Dec-2022 09:39:04.835 INFOS [localhost-startStop-1] org.apache.catalina.startup.HostConfig.deployDirectory Déploiement du répertoire d'application web [/home/ftestu/2A/Intergiciels/apache_tomcat/webapps/ROOT]
08-Dec-2022 09:39:04.989 INFOS [localhost-startStop-1] org.apache.jasper.servlet.TldScanner.scanJars Au moins un fichier JAR a été analysé pour trouver des TLDs mais il n'en contenait pas, le mode "debug" du journal peut être activé pour obtenir une liste complète de JAR scannés sans succès; éviter d'analyser des JARs inutilement peut améliorer sensiblement le temps de démarrage et le temps de compilation des JSPs
08-Dec-2022 09:39:04.991 INFOS [localhost-startStop-1] org.apache.catalina.startup.HostConfig.deployDirectory Le déploiement du répertoire [/home/ftestu/2A/Intergiciels/apache_tomcat/webapps/ROOT] de l'application web s'est terminé en [156] ms
08-Dec-2022 09:39:04.991 INFOS [localhost-startStop-1] org.apache.catalina.startup.HostConfig.deployDirectory Déploiement du répertoire d'application web [/home/ftestu/2A/Intergiciels/apache_tomcat/webapps/host-manager]
08-Dec-2022 09:39:05.155 INFOS [localhost-startStop-1] org.apache.jasper.servlet.TldScanner.scanJars Au moins un fichier JAR a été analysé pour trouver des TLDs mais il n'en contenait pas, le mode "debug" du journal peut être activé pour obtenir une liste complète de JAR scannés sans succès; éviter d'analyser des JARs inutilement peut améliorer sensiblement le temps de démarrage et le temps de compilation des JSPs
08-Dec-2022 09:39:05.158 INFOS [localhost-startStop-1] org.apache.catalina.startup.HostConfig.deployDirectory Le déploiement du répertoire [/home/ftestu/2A/Intergiciels/apache_tomcat/webapps/host-manager] de l'application web s'est terminé en [167] ms
08-Dec-2022 09:39:05.159 INFOS [localhost-startStop-1] org.apache.catalina.startup.HostConfig.deployDirectory Déploiement du répertoire d'application web [/home/ftestu/2A/Intergiciels/apache_tomcat/webapps/manager]
08-Dec-2022 09:39:05.339 INFOS [localhost-startStop-1] org.apache.jasper.servlet.TldScanner.scanJars Au moins un fichier JAR a été analysé pour trouver des TLDs mais il n'en contenait pas, le mode "debug" du journal peut être activé pour obtenir une liste complète de JAR scannés sans succès; éviter d'analyser des JARs inutilement peut améliorer sensiblement le temps de démarrage et le temps de compilation des JSPs
08-Dec-2022 09:39:05.341 INFOS [localhost-startStop-1] org.apache.catalina.startup.HostConfig.deployDirectory Le déploiement du répertoire [/home/ftestu/2A/Intergiciels/apache_tomcat/webapps/manager] de l'application web s'est terminé en [183] ms
08-Dec-2022 09:39:05.344 INFOS [main] org.apache.coyote.AbstractProtocol.start Démarrage du gestionnaire de protocole ["http-nio-8080"]
08-Dec-2022 09:39:05.359 INFOS [main] org.apache.coyote.AbstractProtocol.start Démarrage du gestionnaire de protocole ["ajp-nio-8009"]
08-Dec-2022 09:39:05.375 INFOS [main] org.apache.catalina.startup.Catalina.start Server startup in 2857 ms
08-Dec-2022 09:43:31.483 INFOS [http-nio-8080-exec-2] org.jboss.resteasy.spi.ResteasyDeployment. Deploying javax.ws.rs.core.Application: class pack.RestApp
08-Dec-2022 09:43:31.485 INFOS [http-nio-8080-exec-2] org.jboss.resteasy.spi.ResteasyDeployment. Adding singleton resource pack.Mark from Application class pack.RestApp
08-Dec-2022 09:49:39.909 INFOS [main] org.apache.catalina.core.StandardServer.await Une commande d'arrêt valide a été reçue sur le port d'arrêt, arrêt de l'instance du serveur
08-Dec-2022 09:49:39.910 INFOS [main] org.apache.coyote.AbstractProtocol.pause Le gestionnaire de protocole ["http-nio-8080"] est mis en pause
08-Dec-2022 09:49:39.916 INFOS [main] org.apache.coyote.AbstractProtocol.pause Le gestionnaire de protocole ["ajp-nio-8009"] est mis en pause
08-Dec-2022 09:49:39.922 INFOS [main] org.apache.catalina.core.StandardService.stopInternal Arrêt du service [Catalina]
08-Dec-2022 09:49:39.950 INFOS [main] org.apache.coyote.AbstractProtocol.stop Arrêt du gestionnaire de protocole ["http-nio-8080"]
08-Dec-2022 09:49:39.951 INFOS [main] org.apache.coyote.AbstractProtocol.stop Arrêt du gestionnaire de protocole ["ajp-nio-8009"]
08-Dec-2022 09:49:39.952 INFOS [main] org.apache.coyote.AbstractProtocol.destroy Destruction du gestionnaire de protocole ["http-nio-8080"]
08-Dec-2022 09:49:39.953 INFOS [main] org.apache.coyote.AbstractProtocol.destroy Destruction du gestionnaire de protocole ["ajp-nio-8009"]
08-Dec-2022 09:49:45.225 INFOS [main] org.apache.catalina.startup.VersionLoggerListener.log Version du serveur:        Apache Tomcat/8.5.47
08-Dec-2022 09:49:45.227 INFOS [main] org.apache.catalina.startup.VersionLoggerListener.log Serveur compilé:       Oct 7 2019 13:30:46 UTC
08-Dec-2022 09:49:45.228 INFOS [main] org.apache.catalina.startup.VersionLoggerListener.log Version du serveur:      8.5.47.0
08-Dec-2022 09:49:45.228 INFOS [main] org.apache.catalina.startup.VersionLoggerListener.log Nom de l'OS:           Linux
08-Dec-2022 09:49:45.228 INFOS [main] org.apache.catalina.startup.VersionLoggerListener.log Version de l'OS:        5.4.0-89-generic
08-Dec-2022 09:49:45.229 INFOS [main] org.apache.catalina.startup.VersionLoggerListener.log Architecture:          amd64
08-Dec-2022 09:49:45.229 INFOS [main] org.apache.catalina.startup.VersionLoggerListener.log Répertoire de Java:     /mnt/n7fs/ens/tp_dh/jdk1.8.0_202/jre
08-Dec-2022 09:49:45.229 INFOS [main] org.apache.catalina.startup.VersionLoggerListener.log Version de la JVM:           1.8.0_202-b08
08-Dec-2022 09:49:45.229 INFOS [main] org.apache.catalina.startup.VersionLoggerListener.log Fournisseur de la JVM:            Oracle Corporation
08-Dec-2022 09:49:45.230 INFOS [main] org.apache.catalina.startup.VersionLoggerListener.log CATALINA_BASE:         /home/ftestu/2A/Intergiciels/apache_tomcat
08-Dec-2022 09:49:45.230 INFOS [main] org.apache.catalina.startup.VersionLoggerListener.log CATALINA_HOME:         /home/ftestu/2A/Intergiciels/apache_tomcat
08-Dec-2022 09:49:45.230 INFOS [main] org.apache.catalina.startup.VersionLoggerListener.log Argument de la ligne de commande: -Djava.util.logging.config.file=/home/ftestu/2A/Intergiciels/apache_tomcat/conf/logging.properties
08-Dec-2022 09:49:45.231 INFOS [main] org.apache.catalina.startup.VersionLoggerListener.log Argument de la ligne de commande: -Djava.util.logging.manager=org.apache.juli.ClassLoaderLogManager
08-Dec-2022 09:49:45.231 INFOS [main] org.apache.catalina.startup.VersionLoggerListener.log Argument de la ligne de commande: -Djdk.tls.ephemeralDHKeySize=2048
08-Dec-2022 09:49:45.232 INFOS [main] org.apache.catalina.startup.VersionLoggerListener.log Argument de la ligne de commande: -Djava.protocol.handler.pkgs=org.apache.catalina.webresources
08-Dec-2022 09:49:45.232 INFOS [main] org.apache.catalina.startup.VersionLoggerListener.log Argument de la ligne de commande: -Dorg.apache.catalina.security.SecurityListener.UMASK=0027
08-Dec-2022 09:49:45.232 INFOS [main] org.apache.catalina.startup.VersionLoggerListener.log Argument de la ligne de commande: -Dignore.endorsed.dirs=
08-Dec-2022 09:49:45.233 INFOS [main] org.apache.catalina.startup.VersionLoggerListener.log Argument de la ligne de commande: -Dcatalina.base=/home/ftestu/2A/Intergiciels/apache_tomcat
08-Dec-2022 09:49:45.233 INFOS [main] org.apache.catalina.startup.VersionLoggerListener.log Argument de la ligne de commande: -Dcatalina.home=/home/ftestu/2A/Intergiciels/apache_tomcat
08-Dec-2022 09:49:45.233 INFOS [main] org.apache.catalina.startup.VersionLoggerListener.log Argument de la ligne de commande: -Djava.io.tmpdir=/home/ftestu/2A/Intergiciels/apache_tomcat/temp
08-Dec-2022 09:49:45.233 INFOS [main] org.apache.catalina.core.AprLifecycleListener.lifecycleEvent La librairie Apache Tomcat Native basée sur APR qui permet des performances optimales dans les environnements de production n'a pas été trouvée sur le java.library.path: [/usr/java/packages/lib/amd64:/usr/lib64:/lib64:/lib:/usr/lib]
08-Dec-2022 09:49:45.349 INFOS [main] org.apache.coyote.AbstractProtocol.init Initialisation du gestionnaire de protocole ["http-nio-8080"]
08-Dec-2022 09:49:45.356 INFOS [main] org.apache.tomcat.util.net.NioSelectorPool.getSharedSelector Using a shared selector for servlet write/read
08-Dec-2022 09:49:45.364 INFOS [main] org.apache.coyote.AbstractProtocol.init Initialisation du gestionnaire de protocole ["ajp-nio-8009"]
08-Dec-2022 09:49:45.366 INFOS [main] org.apache.tomcat.util.net.NioSelectorPool.getSharedSelector Using a shared selector for servlet write/read
08-Dec-2022 09:49:45.366 INFOS [main] org.apache.catalina.startup.Catalina.load Initialization processed in 388 ms
08-Dec-2022 09:49:45.384 INFOS [main] org.apache.catalina.core.StandardService.startInternal Démarrage du service [Catalina]
08-Dec-2022 09:49:45.385 INFOS [main] org.apache.catalina.core.StandardEngine.startInternal Starting Servlet Engine: Apache Tomcat/8.5.47
08-Dec-2022 09:49:45.401 INFOS [localhost-startStop-1] org.apache.catalina.startup.HostConfig.deployWAR Déploiement de l'archive [/home/ftestu/2A/Intergiciels/apache_tomcat/webapps/marks.war] de l'application web
08-Dec-2022 09:49:45.783 INFOS [localhost-startStop-1] org.apache.jasper.servlet.TldScanner.scanJars Au moins un fichier JAR a été analysé pour trouver des TLDs mais il n'en contenait pas, le mode "debug" du journal peut être activé pour obtenir une liste complète de JAR scannés sans succès; éviter d'analyser des JARs inutilement peut améliorer sensiblement le temps de démarrage et le temps de compilation des JSPs
08-Dec-2022 09:49:45.813 INFOS [localhost-startStop-1] org.apache.catalina.startup.HostConfig.deployWAR Le déploiement de l'archive de l'application web [/home/ftestu/2A/Intergiciels/apache_tomcat/webapps/marks.war] s'est terminé en [411] ms
08-Dec-2022 09:49:45.813 INFOS [localhost-startStop-1] org.apache.catalina.startup.HostConfig.deployWAR Déploiement de l'archive [/home/ftestu/2A/Intergiciels/apache_tomcat/webapps/students-server.war] de l'application web
08-Dec-2022 09:49:46.002 INFOS [localhost-startStop-1] org.apache.jasper.servlet.TldScanner.scanJars Au moins un fichier JAR a été analysé pour trouver des TLDs mais il n'en contenait pas, le mode "debug" du journal peut être activé pour obtenir une liste complète de JAR scannés sans succès; éviter d'analyser des JARs inutilement peut améliorer sensiblement le temps de démarrage et le temps de compilation des JSPs
08-Dec-2022 09:49:46.016 INFOS [localhost-startStop-1] org.apache.catalina.startup.HostConfig.deployWAR Le déploiement de l'archive de l'application web [/home/ftestu/2A/Intergiciels/apache_tomcat/webapps/students-server.war] s'est terminé en [203] ms
08-Dec-2022 09:49:46.017 INFOS [localhost-startStop-1] org.apache.catalina.startup.HostConfig.deployWAR Déploiement de l'archive [/home/ftestu/2A/Intergiciels/apache_tomcat/webapps/soap.war] de l'application web
08-Dec-2022 09:49:46.359 INFOS [localhost-startStop-1] org.apache.jasper.servlet.TldScanner.scanJars Au moins un fichier JAR a été analysé pour trouver des TLDs mais il n'en contenait pas, le mode "debug" du journal peut être activé pour obtenir une liste complète de JAR scannés sans succès; éviter d'analyser des JARs inutilement peut améliorer sensiblement le temps de démarrage et le temps de compilation des JSPs
08-Dec-2022 09:49:46.442 AVERTISSEMENT [localhost-startStop-1] org.apache.axis.utils.JavaUtils.isAttachmentSupported Unable to find required classes (javax.activation.DataHandler and javax.mail.internet.MimeMultipart). Attachment support is disabled.
08-Dec-2022 09:49:46.731 INFOS [localhost-startStop-1] org.apache.catalina.startup.HostConfig.deployWAR Le déploiement de l'archive de l'application web [/home/ftestu/2A/Intergiciels/apache_tomcat/webapps/soap.war] s'est terminé en [713] ms
08-Dec-2022 09:49:46.732 INFOS [localhost-startStop-1] org.apache.catalina.startup.HostConfig.deployDirectory Déploiement du répertoire d'application web [/home/ftestu/2A/Intergiciels/apache_tomcat/webapps/docs]
08-Dec-2022 09:49:46.914 INFOS [localhost-startStop-1] org.apache.jasper.servlet.TldScanner.scanJars Au moins un fichier JAR a été analysé pour trouver des TLDs mais il n'en contenait pas, le mode "debug" du journal peut être activé pour obtenir une liste complète de JAR scannés sans succès; éviter d'analyser des JARs inutilement peut améliorer sensiblement le temps de démarrage et le temps de compilation des JSPs
08-Dec-2022 09:49:46.915 INFOS [localhost-startStop-1] org.apache.catalina.startup.HostConfig.deployDirectory Le déploiement du répertoire [/home/ftestu/2A/Intergiciels/apache_tomcat/webapps/docs] de l'application web s'est terminé en [183] ms
08-Dec-2022 09:49:46.916 INFOS [localhost-startStop-1] org.apache.catalina.startup.HostConfig.deployDirectory Déploiement du répertoire d'application web [/home/ftestu/2A/Intergiciels/apache_tomcat/webapps/examples]
08-Dec-2022 09:49:47.254 INFOS [localhost-startStop-1] org.apache.jasper.servlet.TldScanner.scanJars Au moins un fichier JAR a été analysé pour trouver des TLDs mais il n'en contenait pas, le mode "debug" du journal peut être activé pour obtenir une liste complète de JAR scannés sans succès; éviter d'analyser des JARs inutilement peut améliorer sensiblement le temps de démarrage et le temps de compilation des JSPs
08-Dec-2022 09:49:47.279 INFOS [localhost-startStop-1] org.apache.catalina.startup.HostConfig.deployDirectory Le déploiement du répertoire [/home/ftestu/2A/Intergiciels/apache_tomcat/webapps/examples] de l'application web s'est terminé en [362] ms
08-Dec-2022 09:49:47.279 INFOS [localhost-startStop-1] org.apache.catalina.startup.HostConfig.deployDirectory Déploiement du répertoire d'application web [/home/ftestu/2A/Intergiciels/apache_tomcat/webapps/ROOT]
08-Dec-2022 09:49:47.434 INFOS [localhost-startStop-1] org.apache.jasper.servlet.TldScanner.scanJars Au moins un fichier JAR a été analysé pour trouver des TLDs mais il n'en contenait pas, le mode "debug" du journal peut être activé pour obtenir une liste complète de JAR scannés sans succès; éviter d'analyser des JARs inutilement peut améliorer sensiblement le temps de démarrage et le temps de compilation des JSPs
08-Dec-2022 09:49:47.436 INFOS [localhost-startStop-1] org.apache.catalina.startup.HostConfig.deployDirectory Le déploiement du répertoire [/home/ftestu/2A/Intergiciels/apache_tomcat/webapps/ROOT] de l'application web s'est terminé en [157] ms
08-Dec-2022 09:49:47.436 INFOS [localhost-startStop-1] org.apache.catalina.startup.HostConfig.deployDirectory Déploiement du répertoire d'application web [/home/ftestu/2A/Intergiciels/apache_tomcat/webapps/host-manager]
08-Dec-2022 09:49:47.603 INFOS [localhost-startStop-1] org.apache.jasper.servlet.TldScanner.scanJars Au moins un fichier JAR a été analysé pour trouver des TLDs mais il n'en contenait pas, le mode "debug" du journal peut être activé pour obtenir une liste complète de JAR scannés sans succès; éviter d'analyser des JARs inutilement peut améliorer sensiblement le temps de démarrage et le temps de compilation des JSPs
08-Dec-2022 09:49:47.606 INFOS [localhost-startStop-1] org.apache.catalina.startup.HostConfig.deployDirectory Le déploiement du répertoire [/home/ftestu/2A/Intergiciels/apache_tomcat/webapps/host-manager] de l'application web s'est terminé en [170] ms
08-Dec-2022 09:49:47.606 INFOS [localhost-startStop-1] org.apache.catalina.startup.HostConfig.deployDirectory Déploiement du répertoire d'application web [/home/ftestu/2A/Intergiciels/apache_tomcat/webapps/manager]
08-Dec-2022 09:49:47.786 INFOS [localhost-startStop-1] org.apache.jasper.servlet.TldScanner.scanJars Au moins un fichier JAR a été analysé pour trouver des TLDs mais il n'en contenait pas, le mode "debug" du journal peut être activé pour obtenir une liste complète de JAR scannés sans succès; éviter d'analyser des JARs inutilement peut améliorer sensiblement le temps de démarrage et le temps de compilation des JSPs
08-Dec-2022 09:49:47.788 INFOS [localhost-startStop-1] org.apache.catalina.startup.HostConfig.deployDirectory Le déploiement du répertoire [/home/ftestu/2A/Intergiciels/apache_tomcat/webapps/manager] de l'application web s'est terminé en [181] ms
08-Dec-2022 09:49:47.790 INFOS [main] org.apache.coyote.AbstractProtocol.start Démarrage du gestionnaire de protocole ["http-nio-8080"]
08-Dec-2022 09:49:47.807 INFOS [main] org.apache.coyote.AbstractProtocol.start Démarrage du gestionnaire de protocole ["ajp-nio-8009"]
08-Dec-2022 09:49:47.816 INFOS [main] org.apache.catalina.startup.Catalina.start Server startup in 2449 ms
