29-Nov-2022 10:18:58.266 INFO [main] org.apache.catalina.startup.VersionLoggerListener.log Version du serveur:        Apache Tomcat/8.5.47
29-Nov-2022 10:18:58.269 INFO [main] org.apache.catalina.startup.VersionLoggerListener.log Serveur compilé:       Oct 7 2019 13:30:46 UTC
29-Nov-2022 10:18:58.269 INFO [main] org.apache.catalina.startup.VersionLoggerListener.log Version du serveur:      8.5.47.0
29-Nov-2022 10:18:58.269 INFO [main] org.apache.catalina.startup.VersionLoggerListener.log Nom de l'OS:           Linux
29-Nov-2022 10:18:58.269 INFO [main] org.apache.catalina.startup.VersionLoggerListener.log Version de l'OS:        5.15.0-53-generic
29-Nov-2022 10:18:58.269 INFO [main] org.apache.catalina.startup.VersionLoggerListener.log Architecture:          amd64
29-Nov-2022 10:18:58.269 INFO [main] org.apache.catalina.startup.VersionLoggerListener.log Répertoire de Java:     /home/hagimont/install/jdk-17.0.5
29-Nov-2022 10:18:58.269 INFO [main] org.apache.catalina.startup.VersionLoggerListener.log Version de la JVM:           17.0.5+9-LTS-191
29-Nov-2022 10:18:58.269 INFO [main] org.apache.catalina.startup.VersionLoggerListener.log Fournisseur de la JVM:            Oracle Corporation
29-Nov-2022 10:18:58.269 INFO [main] org.apache.catalina.startup.VersionLoggerListener.log CATALINA_BASE:         /home/hagimont/testws/apache-tomcat-8.5.47
29-Nov-2022 10:18:58.269 INFO [main] org.apache.catalina.startup.VersionLoggerListener.log CATALINA_HOME:         /home/hagimont/testws/apache-tomcat-8.5.47
29-Nov-2022 10:18:58.270 INFO [main] org.apache.catalina.startup.VersionLoggerListener.log Argument de la ligne de commande: --add-opens=java.base/java.lang=ALL-UNNAMED
29-Nov-2022 10:18:58.270 INFO [main] org.apache.catalina.startup.VersionLoggerListener.log Argument de la ligne de commande: --add-opens=java.base/java.io=ALL-UNNAMED
29-Nov-2022 10:18:58.270 INFO [main] org.apache.catalina.startup.VersionLoggerListener.log Argument de la ligne de commande: --add-opens=java.rmi/sun.rmi.transport=ALL-UNNAMED
29-Nov-2022 10:18:58.270 INFO [main] org.apache.catalina.startup.VersionLoggerListener.log Argument de la ligne de commande: -Djava.util.logging.config.file=/home/hagimont/testws/apache-tomcat-8.5.47/conf/logging.properties
29-Nov-2022 10:18:58.270 INFO [main] org.apache.catalina.startup.VersionLoggerListener.log Argument de la ligne de commande: -Djava.util.logging.manager=org.apache.juli.ClassLoaderLogManager
29-Nov-2022 10:18:58.270 INFO [main] org.apache.catalina.startup.VersionLoggerListener.log Argument de la ligne de commande: -Djdk.tls.ephemeralDHKeySize=2048
29-Nov-2022 10:18:58.271 INFO [main] org.apache.catalina.startup.VersionLoggerListener.log Argument de la ligne de commande: -Djava.protocol.handler.pkgs=org.apache.catalina.webresources
29-Nov-2022 10:18:58.271 INFO [main] org.apache.catalina.startup.VersionLoggerListener.log Argument de la ligne de commande: -Dorg.apache.catalina.security.SecurityListener.UMASK=0027
29-Nov-2022 10:18:58.271 INFO [main] org.apache.catalina.startup.VersionLoggerListener.log Argument de la ligne de commande: -Dignore.endorsed.dirs=
29-Nov-2022 10:18:58.271 INFO [main] org.apache.catalina.startup.VersionLoggerListener.log Argument de la ligne de commande: -Dcatalina.base=/home/hagimont/testws/apache-tomcat-8.5.47
29-Nov-2022 10:18:58.271 INFO [main] org.apache.catalina.startup.VersionLoggerListener.log Argument de la ligne de commande: -Dcatalina.home=/home/hagimont/testws/apache-tomcat-8.5.47
29-Nov-2022 10:18:58.271 INFO [main] org.apache.catalina.startup.VersionLoggerListener.log Argument de la ligne de commande: -Djava.io.tmpdir=/home/hagimont/testws/apache-tomcat-8.5.47/temp
29-Nov-2022 10:18:58.271 INFO [main] org.apache.catalina.core.AprLifecycleListener.lifecycleEvent La librairie Apache Tomcat Native basée sur APR qui permet des performances optimales dans les environnements de production n'a pas été trouvée sur le java.library.path: [/usr/java/packages/lib:/usr/lib64:/lib64:/lib:/usr/lib]
29-Nov-2022 10:18:58.297 INFO [main] org.apache.coyote.AbstractProtocol.init Initialisation du gestionnaire de protocole ["http-nio-8080"]
29-Nov-2022 10:18:58.308 INFO [main] org.apache.tomcat.util.net.NioSelectorPool.getSharedSelector Using a shared selector for servlet write/read
29-Nov-2022 10:18:58.322 INFO [main] org.apache.coyote.AbstractProtocol.init Initialisation du gestionnaire de protocole ["ajp-nio-8009"]
29-Nov-2022 10:18:58.347 INFO [main] org.apache.tomcat.util.net.NioSelectorPool.getSharedSelector Using a shared selector for servlet write/read
29-Nov-2022 10:18:58.347 INFO [main] org.apache.catalina.startup.Catalina.load Initialization processed in 445 ms
29-Nov-2022 10:18:58.376 INFO [main] org.apache.catalina.core.StandardService.startInternal Démarrage du service [Catalina]
29-Nov-2022 10:18:58.377 INFO [main] org.apache.catalina.core.StandardEngine.startInternal Starting Servlet Engine: Apache Tomcat/8.5.47
29-Nov-2022 10:18:58.382 INFO [localhost-startStop-1] org.apache.catalina.startup.HostConfig.deployDirectory Déploiement du répertoire d'application web [/home/hagimont/testws/apache-tomcat-8.5.47/webapps/docs]
29-Nov-2022 10:18:58.778 INFO [localhost-startStop-1] org.apache.jasper.servlet.TldScanner.scanJars Au moins un fichier JAR a été analysé pour trouver des TLDs mais il n'en contenait pas, le mode "debug" du journal peut être activé pour obtenir une liste complète de JAR scannés sans succès; éviter d'analyser des JARs inutilement peut améliorer sensiblement le temps de démarrage et le temps de compilation des JSPs
29-Nov-2022 10:18:58.807 INFO [localhost-startStop-1] org.apache.catalina.startup.HostConfig.deployDirectory Le déploiement du répertoire [/home/hagimont/testws/apache-tomcat-8.5.47/webapps/docs] de l'application web s'est terminé en [423] ms
29-Nov-2022 10:18:58.807 INFO [localhost-startStop-1] org.apache.catalina.startup.HostConfig.deployDirectory Déploiement du répertoire d'application web [/home/hagimont/testws/apache-tomcat-8.5.47/webapps/ROOT]
29-Nov-2022 10:18:58.951 INFO [localhost-startStop-1] org.apache.jasper.servlet.TldScanner.scanJars Au moins un fichier JAR a été analysé pour trouver des TLDs mais il n'en contenait pas, le mode "debug" du journal peut être activé pour obtenir une liste complète de JAR scannés sans succès; éviter d'analyser des JARs inutilement peut améliorer sensiblement le temps de démarrage et le temps de compilation des JSPs
29-Nov-2022 10:18:58.952 INFO [localhost-startStop-1] org.apache.catalina.startup.HostConfig.deployDirectory Le déploiement du répertoire [/home/hagimont/testws/apache-tomcat-8.5.47/webapps/ROOT] de l'application web s'est terminé en [145] ms
29-Nov-2022 10:18:58.952 INFO [localhost-startStop-1] org.apache.catalina.startup.HostConfig.deployDirectory Déploiement du répertoire d'application web [/home/hagimont/testws/apache-tomcat-8.5.47/webapps/manager]
29-Nov-2022 10:18:59.090 INFO [localhost-startStop-1] org.apache.jasper.servlet.TldScanner.scanJars Au moins un fichier JAR a été analysé pour trouver des TLDs mais il n'en contenait pas, le mode "debug" du journal peut être activé pour obtenir une liste complète de JAR scannés sans succès; éviter d'analyser des JARs inutilement peut améliorer sensiblement le temps de démarrage et le temps de compilation des JSPs
29-Nov-2022 10:18:59.094 INFO [localhost-startStop-1] org.apache.catalina.startup.HostConfig.deployDirectory Le déploiement du répertoire [/home/hagimont/testws/apache-tomcat-8.5.47/webapps/manager] de l'application web s'est terminé en [142] ms
29-Nov-2022 10:18:59.094 INFO [localhost-startStop-1] org.apache.catalina.startup.HostConfig.deployDirectory Déploiement du répertoire d'application web [/home/hagimont/testws/apache-tomcat-8.5.47/webapps/examples]
29-Nov-2022 10:18:59.303 INFO [localhost-startStop-1] org.apache.jasper.servlet.TldScanner.scanJars Au moins un fichier JAR a été analysé pour trouver des TLDs mais il n'en contenait pas, le mode "debug" du journal peut être activé pour obtenir une liste complète de JAR scannés sans succès; éviter d'analyser des JARs inutilement peut améliorer sensiblement le temps de démarrage et le temps de compilation des JSPs
29-Nov-2022 10:18:59.313 INFO [localhost-startStop-1] org.apache.catalina.startup.HostConfig.deployDirectory Le déploiement du répertoire [/home/hagimont/testws/apache-tomcat-8.5.47/webapps/examples] de l'application web s'est terminé en [219] ms
29-Nov-2022 10:18:59.313 INFO [localhost-startStop-1] org.apache.catalina.startup.HostConfig.deployDirectory Déploiement du répertoire d'application web [/home/hagimont/testws/apache-tomcat-8.5.47/webapps/host-manager]
29-Nov-2022 10:18:59.434 INFO [localhost-startStop-1] org.apache.jasper.servlet.TldScanner.scanJars Au moins un fichier JAR a été analysé pour trouver des TLDs mais il n'en contenait pas, le mode "debug" du journal peut être activé pour obtenir une liste complète de JAR scannés sans succès; éviter d'analyser des JARs inutilement peut améliorer sensiblement le temps de démarrage et le temps de compilation des JSPs
29-Nov-2022 10:18:59.435 INFO [localhost-startStop-1] org.apache.catalina.startup.HostConfig.deployDirectory Le déploiement du répertoire [/home/hagimont/testws/apache-tomcat-8.5.47/webapps/host-manager] de l'application web s'est terminé en [122] ms
29-Nov-2022 10:18:59.437 INFO [main] org.apache.coyote.AbstractProtocol.start Démarrage du gestionnaire de protocole ["http-nio-8080"]
29-Nov-2022 10:18:59.442 INFO [main] org.apache.coyote.AbstractProtocol.start Démarrage du gestionnaire de protocole ["ajp-nio-8009"]
29-Nov-2022 10:18:59.443 INFO [main] org.apache.catalina.startup.Catalina.start Server startup in 1095 ms
29-Nov-2022 10:19:49.454 INFO [localhost-startStop-2] org.apache.catalina.startup.HostConfig.deployWAR Déploiement de l'archive [/home/hagimont/testws/apache-tomcat-8.5.47/webapps/students-server.war] de l'application web
29-Nov-2022 10:19:49.627 INFO [localhost-startStop-2] org.apache.jasper.servlet.TldScanner.scanJars Au moins un fichier JAR a été analysé pour trouver des TLDs mais il n'en contenait pas, le mode "debug" du journal peut être activé pour obtenir une liste complète de JAR scannés sans succès; éviter d'analyser des JARs inutilement peut améliorer sensiblement le temps de démarrage et le temps de compilation des JSPs
29-Nov-2022 10:19:49.630 INFO [localhost-startStop-2] org.apache.catalina.startup.HostConfig.deployWAR Le déploiement de l'archive de l'application web [/home/hagimont/testws/apache-tomcat-8.5.47/webapps/students-server.war] s'est terminé en [175] ms
29-Nov-2022 10:20:36.602 WARNING [http-nio-8080-exec-3] org.jboss.resteasy.plugins.providers.RegisterBuiltin. NoClassDefFoundError: Unable to load builtin provider: org.jboss.resteasy.plugins.providers.jaxb.JAXBXmlSeeAlsoProvider
29-Nov-2022 10:20:36.603 WARNING [http-nio-8080-exec-3] org.jboss.resteasy.plugins.providers.RegisterBuiltin. NoClassDefFoundError: Unable to load builtin provider: org.jboss.resteasy.plugins.providers.jaxb.JAXBXmlRootElementProvider
29-Nov-2022 10:20:36.603 WARNING [http-nio-8080-exec-3] org.jboss.resteasy.plugins.providers.RegisterBuiltin. NoClassDefFoundError: Unable to load builtin provider: org.jboss.resteasy.plugins.providers.jaxb.JAXBElementProvider
29-Nov-2022 10:20:36.603 WARNING [http-nio-8080-exec-3] org.jboss.resteasy.plugins.providers.RegisterBuiltin. NoClassDefFoundError: Unable to load builtin provider: org.jboss.resteasy.plugins.providers.jaxb.JAXBXmlTypeProvider
29-Nov-2022 10:20:36.604 WARNING [http-nio-8080-exec-3] org.jboss.resteasy.plugins.providers.RegisterBuiltin. NoClassDefFoundError: Unable to load builtin provider: org.jboss.resteasy.plugins.providers.jaxb.CollectionProvider
29-Nov-2022 10:20:36.604 WARNING [http-nio-8080-exec-3] org.jboss.resteasy.plugins.providers.RegisterBuiltin. NoClassDefFoundError: Unable to load builtin provider: org.jboss.resteasy.plugins.providers.jaxb.MapProvider
29-Nov-2022 10:20:36.605 WARNING [http-nio-8080-exec-3] org.jboss.resteasy.plugins.providers.RegisterBuiltin. NoClassDefFoundError: Unable to load builtin provider: org.jboss.resteasy.plugins.providers.jaxb.XmlJAXBContextFinder
29-Nov-2022 10:20:36.690 INFO [http-nio-8080-exec-3] org.jboss.resteasy.spi.ResteasyDeployment. Deploying javax.ws.rs.core.Application: class pack.RestApp
29-Nov-2022 10:20:36.691 INFO [http-nio-8080-exec-3] org.jboss.resteasy.spi.ResteasyDeployment. Adding singleton resource pack.Students from Application class pack.RestApp
29-Nov-2022 10:36:22.040 INFO [main] org.apache.catalina.core.StandardServer.await Une commande d'arrêt valide a été reçue sur le port d'arrêt, arrêt de l'instance du serveur
29-Nov-2022 10:36:22.041 INFO [main] org.apache.coyote.AbstractProtocol.pause Le gestionnaire de protocole ["http-nio-8080"] est mis en pause
29-Nov-2022 10:36:22.047 INFO [main] org.apache.coyote.AbstractProtocol.pause Le gestionnaire de protocole ["ajp-nio-8009"] est mis en pause
29-Nov-2022 10:36:22.053 INFO [main] org.apache.catalina.core.StandardService.stopInternal Arrêt du service [Catalina]
29-Nov-2022 10:36:22.076 INFO [main] org.apache.coyote.AbstractProtocol.stop Arrêt du gestionnaire de protocole ["http-nio-8080"]
29-Nov-2022 10:36:22.077 INFO [main] org.apache.coyote.AbstractProtocol.stop Arrêt du gestionnaire de protocole ["ajp-nio-8009"]
29-Nov-2022 10:36:22.078 INFO [main] org.apache.coyote.AbstractProtocol.destroy Destruction du gestionnaire de protocole ["http-nio-8080"]
29-Nov-2022 10:36:22.078 INFO [main] org.apache.coyote.AbstractProtocol.destroy Destruction du gestionnaire de protocole ["ajp-nio-8009"]
29-Nov-2022 10:42:19.844 INFOS [main] org.apache.catalina.startup.VersionLoggerListener.log Version du serveur:        Apache Tomcat/8.5.47
29-Nov-2022 10:42:19.845 INFOS [main] org.apache.catalina.startup.VersionLoggerListener.log Serveur compilé:       Oct 7 2019 13:30:46 UTC
29-Nov-2022 10:42:19.845 INFOS [main] org.apache.catalina.startup.VersionLoggerListener.log Version du serveur:      8.5.47.0
29-Nov-2022 10:42:19.845 INFOS [main] org.apache.catalina.startup.VersionLoggerListener.log Nom de l'OS:           Linux
29-Nov-2022 10:42:19.845 INFOS [main] org.apache.catalina.startup.VersionLoggerListener.log Version de l'OS:        5.15.0-53-generic
29-Nov-2022 10:42:19.845 INFOS [main] org.apache.catalina.startup.VersionLoggerListener.log Architecture:          amd64
29-Nov-2022 10:42:19.845 INFOS [main] org.apache.catalina.startup.VersionLoggerListener.log Répertoire de Java:     /home/hagimont/install/jdk1.8.0_202/jre
29-Nov-2022 10:42:19.845 INFOS [main] org.apache.catalina.startup.VersionLoggerListener.log Version de la JVM:           1.8.0_202-b08
29-Nov-2022 10:42:19.845 INFOS [main] org.apache.catalina.startup.VersionLoggerListener.log Fournisseur de la JVM:            Oracle Corporation
29-Nov-2022 10:42:19.845 INFOS [main] org.apache.catalina.startup.VersionLoggerListener.log CATALINA_BASE:         /home/hagimont/testws/apache-tomcat-8.5.47
29-Nov-2022 10:42:19.846 INFOS [main] org.apache.catalina.startup.VersionLoggerListener.log CATALINA_HOME:         /home/hagimont/testws/apache-tomcat-8.5.47
29-Nov-2022 10:42:19.846 INFOS [main] org.apache.catalina.startup.VersionLoggerListener.log Argument de la ligne de commande: -Djava.util.logging.config.file=/home/hagimont/testws/apache-tomcat-8.5.47/conf/logging.properties
29-Nov-2022 10:42:19.846 INFOS [main] org.apache.catalina.startup.VersionLoggerListener.log Argument de la ligne de commande: -Djava.util.logging.manager=org.apache.juli.ClassLoaderLogManager
29-Nov-2022 10:42:19.846 INFOS [main] org.apache.catalina.startup.VersionLoggerListener.log Argument de la ligne de commande: -Djdk.tls.ephemeralDHKeySize=2048
29-Nov-2022 10:42:19.846 INFOS [main] org.apache.catalina.startup.VersionLoggerListener.log Argument de la ligne de commande: -Djava.protocol.handler.pkgs=org.apache.catalina.webresources
29-Nov-2022 10:42:19.846 INFOS [main] org.apache.catalina.startup.VersionLoggerListener.log Argument de la ligne de commande: -Dorg.apache.catalina.security.SecurityListener.UMASK=0027
29-Nov-2022 10:42:19.846 INFOS [main] org.apache.catalina.startup.VersionLoggerListener.log Argument de la ligne de commande: -Dignore.endorsed.dirs=
29-Nov-2022 10:42:19.846 INFOS [main] org.apache.catalina.startup.VersionLoggerListener.log Argument de la ligne de commande: -Dcatalina.base=/home/hagimont/testws/apache-tomcat-8.5.47
29-Nov-2022 10:42:19.846 INFOS [main] org.apache.catalina.startup.VersionLoggerListener.log Argument de la ligne de commande: -Dcatalina.home=/home/hagimont/testws/apache-tomcat-8.5.47
29-Nov-2022 10:42:19.846 INFOS [main] org.apache.catalina.startup.VersionLoggerListener.log Argument de la ligne de commande: -Djava.io.tmpdir=/home/hagimont/testws/apache-tomcat-8.5.47/temp
29-Nov-2022 10:42:19.846 INFOS [main] org.apache.catalina.core.AprLifecycleListener.lifecycleEvent La librairie Apache Tomcat Native basée sur APR qui permet des performances optimales dans les environnements de production n'a pas été trouvée sur le java.library.path: [/usr/java/packages/lib/amd64:/usr/lib64:/lib64:/lib:/usr/lib]
29-Nov-2022 10:42:19.954 INFOS [main] org.apache.coyote.AbstractProtocol.init Initialisation du gestionnaire de protocole ["http-nio-8080"]
29-Nov-2022 10:42:19.960 INFOS [main] org.apache.tomcat.util.net.NioSelectorPool.getSharedSelector Using a shared selector for servlet write/read
29-Nov-2022 10:42:19.971 INFOS [main] org.apache.coyote.AbstractProtocol.init Initialisation du gestionnaire de protocole ["ajp-nio-8009"]
29-Nov-2022 10:42:19.972 INFOS [main] org.apache.tomcat.util.net.NioSelectorPool.getSharedSelector Using a shared selector for servlet write/read
29-Nov-2022 10:42:19.973 INFOS [main] org.apache.catalina.startup.Catalina.load Initialization processed in 376 ms
29-Nov-2022 10:42:19.995 INFOS [main] org.apache.catalina.core.StandardService.startInternal Démarrage du service [Catalina]
29-Nov-2022 10:42:19.995 INFOS [main] org.apache.catalina.core.StandardEngine.startInternal Starting Servlet Engine: Apache Tomcat/8.5.47
29-Nov-2022 10:42:20.007 INFOS [localhost-startStop-1] org.apache.catalina.startup.HostConfig.deployWAR Déploiement de l'archive [/home/hagimont/testws/apache-tomcat-8.5.47/webapps/students-server.war] de l'application web
29-Nov-2022 10:42:20.404 INFOS [localhost-startStop-1] org.apache.jasper.servlet.TldScanner.scanJars Au moins un fichier JAR a été analysé pour trouver des TLDs mais il n'en contenait pas, le mode "debug" du journal peut être activé pour obtenir une liste complète de JAR scannés sans succès; éviter d'analyser des JARs inutilement peut améliorer sensiblement le temps de démarrage et le temps de compilation des JSPs
29-Nov-2022 10:42:20.418 INFOS [localhost-startStop-1] org.apache.catalina.startup.HostConfig.deployWAR Le déploiement de l'archive de l'application web [/home/hagimont/testws/apache-tomcat-8.5.47/webapps/students-server.war] s'est terminé en [410] ms
29-Nov-2022 10:42:20.419 INFOS [localhost-startStop-1] org.apache.catalina.startup.HostConfig.deployDirectory Déploiement du répertoire d'application web [/home/hagimont/testws/apache-tomcat-8.5.47/webapps/docs]
29-Nov-2022 10:42:20.569 INFOS [localhost-startStop-1] org.apache.jasper.servlet.TldScanner.scanJars Au moins un fichier JAR a été analysé pour trouver des TLDs mais il n'en contenait pas, le mode "debug" du journal peut être activé pour obtenir une liste complète de JAR scannés sans succès; éviter d'analyser des JARs inutilement peut améliorer sensiblement le temps de démarrage et le temps de compilation des JSPs
29-Nov-2022 10:42:20.570 INFOS [localhost-startStop-1] org.apache.catalina.startup.HostConfig.deployDirectory Le déploiement du répertoire [/home/hagimont/testws/apache-tomcat-8.5.47/webapps/docs] de l'application web s'est terminé en [151] ms
29-Nov-2022 10:42:20.570 INFOS [localhost-startStop-1] org.apache.catalina.startup.HostConfig.deployDirectory Déploiement du répertoire d'application web [/home/hagimont/testws/apache-tomcat-8.5.47/webapps/ROOT]
29-Nov-2022 10:42:20.706 INFOS [localhost-startStop-1] org.apache.jasper.servlet.TldScanner.scanJars Au moins un fichier JAR a été analysé pour trouver des TLDs mais il n'en contenait pas, le mode "debug" du journal peut être activé pour obtenir une liste complète de JAR scannés sans succès; éviter d'analyser des JARs inutilement peut améliorer sensiblement le temps de démarrage et le temps de compilation des JSPs
29-Nov-2022 10:42:20.707 INFOS [localhost-startStop-1] org.apache.catalina.startup.HostConfig.deployDirectory Le déploiement du répertoire [/home/hagimont/testws/apache-tomcat-8.5.47/webapps/ROOT] de l'application web s'est terminé en [137] ms
29-Nov-2022 10:42:20.707 INFOS [localhost-startStop-1] org.apache.catalina.startup.HostConfig.deployDirectory Déploiement du répertoire d'application web [/home/hagimont/testws/apache-tomcat-8.5.47/webapps/manager]
29-Nov-2022 10:42:20.888 INFOS [localhost-startStop-1] org.apache.jasper.servlet.TldScanner.scanJars Au moins un fichier JAR a été analysé pour trouver des TLDs mais il n'en contenait pas, le mode "debug" du journal peut être activé pour obtenir une liste complète de JAR scannés sans succès; éviter d'analyser des JARs inutilement peut améliorer sensiblement le temps de démarrage et le temps de compilation des JSPs
29-Nov-2022 10:42:20.892 INFOS [localhost-startStop-1] org.apache.catalina.startup.HostConfig.deployDirectory Le déploiement du répertoire [/home/hagimont/testws/apache-tomcat-8.5.47/webapps/manager] de l'application web s'est terminé en [185] ms
29-Nov-2022 10:42:20.892 INFOS [localhost-startStop-1] org.apache.catalina.startup.HostConfig.deployDirectory Déploiement du répertoire d'application web [/home/hagimont/testws/apache-tomcat-8.5.47/webapps/examples]
29-Nov-2022 10:42:21.148 INFOS [localhost-startStop-1] org.apache.jasper.servlet.TldScanner.scanJars Au moins un fichier JAR a été analysé pour trouver des TLDs mais il n'en contenait pas, le mode "debug" du journal peut être activé pour obtenir une liste complète de JAR scannés sans succès; éviter d'analyser des JARs inutilement peut améliorer sensiblement le temps de démarrage et le temps de compilation des JSPs
29-Nov-2022 10:42:21.157 INFOS [localhost-startStop-1] org.apache.catalina.startup.HostConfig.deployDirectory Le déploiement du répertoire [/home/hagimont/testws/apache-tomcat-8.5.47/webapps/examples] de l'application web s'est terminé en [265] ms
29-Nov-2022 10:42:21.173 INFOS [localhost-startStop-1] org.apache.catalina.startup.HostConfig.deployDirectory Déploiement du répertoire d'application web [/home/hagimont/testws/apache-tomcat-8.5.47/webapps/host-manager]
29-Nov-2022 10:42:21.305 INFOS [localhost-startStop-1] org.apache.jasper.servlet.TldScanner.scanJars Au moins un fichier JAR a été analysé pour trouver des TLDs mais il n'en contenait pas, le mode "debug" du journal peut être activé pour obtenir une liste complète de JAR scannés sans succès; éviter d'analyser des JARs inutilement peut améliorer sensiblement le temps de démarrage et le temps de compilation des JSPs
29-Nov-2022 10:42:21.307 INFOS [localhost-startStop-1] org.apache.catalina.startup.HostConfig.deployDirectory Le déploiement du répertoire [/home/hagimont/testws/apache-tomcat-8.5.47/webapps/host-manager] de l'application web s'est terminé en [150] ms
29-Nov-2022 10:42:21.308 INFOS [main] org.apache.coyote.AbstractProtocol.start Démarrage du gestionnaire de protocole ["http-nio-8080"]
29-Nov-2022 10:42:21.313 INFOS [main] org.apache.coyote.AbstractProtocol.start Démarrage du gestionnaire de protocole ["ajp-nio-8009"]
29-Nov-2022 10:42:21.314 INFOS [main] org.apache.catalina.startup.Catalina.start Server startup in 1341 ms
29-Nov-2022 10:42:41.815 INFOS [ContainerBackgroundProcessor[StandardEngine[Catalina]]] org.apache.catalina.startup.HostConfig.undeploy Retrait de l'application web ayant pour chemin de contexte [/students-server]
29-Nov-2022 10:43:11.837 INFOS [localhost-startStop-2] org.apache.catalina.startup.HostConfig.deployWAR Déploiement de l'archive [/home/hagimont/testws/apache-tomcat-8.5.47/webapps/students-server.war] de l'application web
29-Nov-2022 10:43:11.980 INFOS [localhost-startStop-2] org.apache.jasper.servlet.TldScanner.scanJars Au moins un fichier JAR a été analysé pour trouver des TLDs mais il n'en contenait pas, le mode "debug" du journal peut être activé pour obtenir une liste complète de JAR scannés sans succès; éviter d'analyser des JARs inutilement peut améliorer sensiblement le temps de démarrage et le temps de compilation des JSPs
29-Nov-2022 10:43:11.982 INFOS [localhost-startStop-2] org.apache.catalina.startup.HostConfig.deployWAR Le déploiement de l'archive de l'application web [/home/hagimont/testws/apache-tomcat-8.5.47/webapps/students-server.war] s'est terminé en [145] ms
29-Nov-2022 10:43:22.744 INFOS [http-nio-8080-exec-4] org.jboss.resteasy.spi.ResteasyDeployment. Deploying javax.ws.rs.core.Application: class pack.RestApp
29-Nov-2022 10:43:22.745 INFOS [http-nio-8080-exec-4] org.jboss.resteasy.spi.ResteasyDeployment. Adding singleton resource pack.Students from Application class pack.RestApp
29-Nov-2022 10:58:42.169 INFOS [localhost-startStop-3] org.apache.catalina.startup.HostConfig.deployWAR Déploiement de l'archive [/home/hagimont/testws/apache-tomcat-8.5.47/webapps/marks.war] de l'application web
29-Nov-2022 10:58:42.336 INFOS [localhost-startStop-3] org.apache.jasper.servlet.TldScanner.scanJars Au moins un fichier JAR a été analysé pour trouver des TLDs mais il n'en contenait pas, le mode "debug" du journal peut être activé pour obtenir une liste complète de JAR scannés sans succès; éviter d'analyser des JARs inutilement peut améliorer sensiblement le temps de démarrage et le temps de compilation des JSPs
29-Nov-2022 10:58:42.353 INFOS [localhost-startStop-3] org.apache.catalina.startup.HostConfig.deployWAR Le déploiement de l'archive de l'application web [/home/hagimont/testws/apache-tomcat-8.5.47/webapps/marks.war] s'est terminé en [184] ms
29-Nov-2022 10:59:13.031 INFOS [http-nio-8080-exec-13] org.jboss.resteasy.spi.ResteasyDeployment. Deploying javax.ws.rs.core.Application: class pack.RestApp
29-Nov-2022 10:59:13.031 INFOS [http-nio-8080-exec-13] org.jboss.resteasy.spi.ResteasyDeployment. Adding singleton resource pack.Mark from Application class pack.RestApp
29-Nov-2022 11:03:42.408 INFOS [ContainerBackgroundProcessor[StandardEngine[Catalina]]] org.apache.catalina.startup.HostConfig.undeploy Retrait de l'application web ayant pour chemin de contexte [/marks]
29-Nov-2022 11:03:42.415 INFOS [localhost-startStop-4] org.apache.catalina.startup.HostConfig.deployWAR Déploiement de l'archive [/home/hagimont/testws/apache-tomcat-8.5.47/webapps/marks.war] de l'application web
29-Nov-2022 11:03:42.535 INFOS [localhost-startStop-4] org.apache.jasper.servlet.TldScanner.scanJars Au moins un fichier JAR a été analysé pour trouver des TLDs mais il n'en contenait pas, le mode "debug" du journal peut être activé pour obtenir une liste complète de JAR scannés sans succès; éviter d'analyser des JARs inutilement peut améliorer sensiblement le temps de démarrage et le temps de compilation des JSPs
29-Nov-2022 11:03:42.536 INFOS [localhost-startStop-4] org.apache.catalina.startup.HostConfig.deployWAR Le déploiement de l'archive de l'application web [/home/hagimont/testws/apache-tomcat-8.5.47/webapps/marks.war] s'est terminé en [121] ms
29-Nov-2022 11:04:08.324 INFOS [http-nio-8080-exec-16] org.jboss.resteasy.spi.ResteasyDeployment. Deploying javax.ws.rs.core.Application: class pack.RestApp
29-Nov-2022 11:04:08.324 INFOS [http-nio-8080-exec-16] org.jboss.resteasy.spi.ResteasyDeployment. Adding singleton resource pack.Mark from Application class pack.RestApp
29-Nov-2022 11:09:34.175 INFOS [main] org.apache.catalina.core.StandardServer.await Une commande d'arrêt valide a été reçue sur le port d'arrêt, arrêt de l'instance du serveur
29-Nov-2022 11:09:34.176 INFOS [main] org.apache.coyote.AbstractProtocol.pause Le gestionnaire de protocole ["http-nio-8080"] est mis en pause
29-Nov-2022 11:09:34.182 INFOS [main] org.apache.coyote.AbstractProtocol.pause Le gestionnaire de protocole ["ajp-nio-8009"] est mis en pause
29-Nov-2022 11:09:34.187 INFOS [main] org.apache.catalina.core.StandardService.stopInternal Arrêt du service [Catalina]
29-Nov-2022 11:09:34.202 INFOS [main] org.apache.coyote.AbstractProtocol.stop Arrêt du gestionnaire de protocole ["http-nio-8080"]
29-Nov-2022 11:09:34.203 INFOS [main] org.apache.coyote.AbstractProtocol.stop Arrêt du gestionnaire de protocole ["ajp-nio-8009"]
29-Nov-2022 11:09:34.204 INFOS [main] org.apache.coyote.AbstractProtocol.destroy Destruction du gestionnaire de protocole ["http-nio-8080"]
29-Nov-2022 11:09:34.205 INFOS [main] org.apache.coyote.AbstractProtocol.destroy Destruction du gestionnaire de protocole ["ajp-nio-8009"]
29-Nov-2022 11:11:40.000 INFOS [main] org.apache.catalina.startup.VersionLoggerListener.log Version du serveur:        Apache Tomcat/8.5.47
29-Nov-2022 11:11:40.001 INFOS [main] org.apache.catalina.startup.VersionLoggerListener.log Serveur compilé:       Oct 7 2019 13:30:46 UTC
29-Nov-2022 11:11:40.001 INFOS [main] org.apache.catalina.startup.VersionLoggerListener.log Version du serveur:      8.5.47.0
29-Nov-2022 11:11:40.001 INFOS [main] org.apache.catalina.startup.VersionLoggerListener.log Nom de l'OS:           Linux
29-Nov-2022 11:11:40.001 INFOS [main] org.apache.catalina.startup.VersionLoggerListener.log Version de l'OS:        5.15.0-53-generic
29-Nov-2022 11:11:40.001 INFOS [main] org.apache.catalina.startup.VersionLoggerListener.log Architecture:          amd64
29-Nov-2022 11:11:40.001 INFOS [main] org.apache.catalina.startup.VersionLoggerListener.log Répertoire de Java:     /home/hagimont/install/jdk1.8.0_202/jre
29-Nov-2022 11:11:40.001 INFOS [main] org.apache.catalina.startup.VersionLoggerListener.log Version de la JVM:           1.8.0_202-b08
29-Nov-2022 11:11:40.001 INFOS [main] org.apache.catalina.startup.VersionLoggerListener.log Fournisseur de la JVM:            Oracle Corporation
29-Nov-2022 11:11:40.001 INFOS [main] org.apache.catalina.startup.VersionLoggerListener.log CATALINA_BASE:         /home/hagimont/testws/apache-tomcat-8.5.47
29-Nov-2022 11:11:40.002 INFOS [main] org.apache.catalina.startup.VersionLoggerListener.log CATALINA_HOME:         /home/hagimont/testws/apache-tomcat-8.5.47
29-Nov-2022 11:11:40.002 INFOS [main] org.apache.catalina.startup.VersionLoggerListener.log Argument de la ligne de commande: -Djava.util.logging.config.file=/home/hagimont/testws/apache-tomcat-8.5.47/conf/logging.properties
29-Nov-2022 11:11:40.002 INFOS [main] org.apache.catalina.startup.VersionLoggerListener.log Argument de la ligne de commande: -Djava.util.logging.manager=org.apache.juli.ClassLoaderLogManager
29-Nov-2022 11:11:40.002 INFOS [main] org.apache.catalina.startup.VersionLoggerListener.log Argument de la ligne de commande: -Djdk.tls.ephemeralDHKeySize=2048
29-Nov-2022 11:11:40.002 INFOS [main] org.apache.catalina.startup.VersionLoggerListener.log Argument de la ligne de commande: -Djava.protocol.handler.pkgs=org.apache.catalina.webresources
29-Nov-2022 11:11:40.002 INFOS [main] org.apache.catalina.startup.VersionLoggerListener.log Argument de la ligne de commande: -Dorg.apache.catalina.security.SecurityListener.UMASK=0027
29-Nov-2022 11:11:40.002 INFOS [main] org.apache.catalina.startup.VersionLoggerListener.log Argument de la ligne de commande: -Dignore.endorsed.dirs=
29-Nov-2022 11:11:40.002 INFOS [main] org.apache.catalina.startup.VersionLoggerListener.log Argument de la ligne de commande: -Dcatalina.base=/home/hagimont/testws/apache-tomcat-8.5.47
29-Nov-2022 11:11:40.002 INFOS [main] org.apache.catalina.startup.VersionLoggerListener.log Argument de la ligne de commande: -Dcatalina.home=/home/hagimont/testws/apache-tomcat-8.5.47
29-Nov-2022 11:11:40.002 INFOS [main] org.apache.catalina.startup.VersionLoggerListener.log Argument de la ligne de commande: -Djava.io.tmpdir=/home/hagimont/testws/apache-tomcat-8.5.47/temp
29-Nov-2022 11:11:40.002 INFOS [main] org.apache.catalina.core.AprLifecycleListener.lifecycleEvent La librairie Apache Tomcat Native basée sur APR qui permet des performances optimales dans les environnements de production n'a pas été trouvée sur le java.library.path: [/usr/java/packages/lib/amd64:/usr/lib64:/lib64:/lib:/usr/lib]
29-Nov-2022 11:11:40.098 INFOS [main] org.apache.coyote.AbstractProtocol.init Initialisation du gestionnaire de protocole ["http-nio-8080"]
29-Nov-2022 11:11:40.105 INFOS [main] org.apache.tomcat.util.net.NioSelectorPool.getSharedSelector Using a shared selector for servlet write/read
29-Nov-2022 11:11:40.112 INFOS [main] org.apache.coyote.AbstractProtocol.init Initialisation du gestionnaire de protocole ["ajp-nio-8009"]
29-Nov-2022 11:11:40.113 INFOS [main] org.apache.tomcat.util.net.NioSelectorPool.getSharedSelector Using a shared selector for servlet write/read
29-Nov-2022 11:11:40.113 INFOS [main] org.apache.catalina.startup.Catalina.load Initialization processed in 345 ms
29-Nov-2022 11:11:40.130 INFOS [main] org.apache.catalina.core.StandardService.startInternal Démarrage du service [Catalina]
29-Nov-2022 11:11:40.131 INFOS [main] org.apache.catalina.core.StandardEngine.startInternal Starting Servlet Engine: Apache Tomcat/8.5.47
29-Nov-2022 11:11:40.142 INFOS [localhost-startStop-1] org.apache.catalina.startup.HostConfig.deployWAR Déploiement de l'archive [/home/hagimont/testws/apache-tomcat-8.5.47/webapps/students-server.war] de l'application web
29-Nov-2022 11:11:40.493 INFOS [localhost-startStop-1] org.apache.jasper.servlet.TldScanner.scanJars Au moins un fichier JAR a été analysé pour trouver des TLDs mais il n'en contenait pas, le mode "debug" du journal peut être activé pour obtenir une liste complète de JAR scannés sans succès; éviter d'analyser des JARs inutilement peut améliorer sensiblement le temps de démarrage et le temps de compilation des JSPs
29-Nov-2022 11:11:40.510 INFOS [localhost-startStop-1] org.apache.catalina.startup.HostConfig.deployWAR Le déploiement de l'archive de l'application web [/home/hagimont/testws/apache-tomcat-8.5.47/webapps/students-server.war] s'est terminé en [367] ms
29-Nov-2022 11:11:40.510 INFOS [localhost-startStop-1] org.apache.catalina.startup.HostConfig.deployWAR Déploiement de l'archive [/home/hagimont/testws/apache-tomcat-8.5.47/webapps/marks.war] de l'application web
29-Nov-2022 11:11:40.659 INFOS [localhost-startStop-1] org.apache.jasper.servlet.TldScanner.scanJars Au moins un fichier JAR a été analysé pour trouver des TLDs mais il n'en contenait pas, le mode "debug" du journal peut être activé pour obtenir une liste complète de JAR scannés sans succès; éviter d'analyser des JARs inutilement peut améliorer sensiblement le temps de démarrage et le temps de compilation des JSPs
29-Nov-2022 11:11:40.661 INFOS [localhost-startStop-1] org.apache.catalina.startup.HostConfig.deployWAR Le déploiement de l'archive de l'application web [/home/hagimont/testws/apache-tomcat-8.5.47/webapps/marks.war] s'est terminé en [150] ms
29-Nov-2022 11:11:40.661 INFOS [localhost-startStop-1] org.apache.catalina.startup.HostConfig.deployDirectory Déploiement du répertoire d'application web [/home/hagimont/testws/apache-tomcat-8.5.47/webapps/docs]
29-Nov-2022 11:11:40.802 INFOS [localhost-startStop-1] org.apache.jasper.servlet.TldScanner.scanJars Au moins un fichier JAR a été analysé pour trouver des TLDs mais il n'en contenait pas, le mode "debug" du journal peut être activé pour obtenir une liste complète de JAR scannés sans succès; éviter d'analyser des JARs inutilement peut améliorer sensiblement le temps de démarrage et le temps de compilation des JSPs
29-Nov-2022 11:11:40.804 INFOS [localhost-startStop-1] org.apache.catalina.startup.HostConfig.deployDirectory Le déploiement du répertoire [/home/hagimont/testws/apache-tomcat-8.5.47/webapps/docs] de l'application web s'est terminé en [143] ms
29-Nov-2022 11:11:40.804 INFOS [localhost-startStop-1] org.apache.catalina.startup.HostConfig.deployDirectory Déploiement du répertoire d'application web [/home/hagimont/testws/apache-tomcat-8.5.47/webapps/ROOT]
29-Nov-2022 11:11:40.948 INFOS [localhost-startStop-1] org.apache.jasper.servlet.TldScanner.scanJars Au moins un fichier JAR a été analysé pour trouver des TLDs mais il n'en contenait pas, le mode "debug" du journal peut être activé pour obtenir une liste complète de JAR scannés sans succès; éviter d'analyser des JARs inutilement peut améliorer sensiblement le temps de démarrage et le temps de compilation des JSPs
29-Nov-2022 11:11:40.949 INFOS [localhost-startStop-1] org.apache.catalina.startup.HostConfig.deployDirectory Le déploiement du répertoire [/home/hagimont/testws/apache-tomcat-8.5.47/webapps/ROOT] de l'application web s'est terminé en [145] ms
29-Nov-2022 11:11:40.949 INFOS [localhost-startStop-1] org.apache.catalina.startup.HostConfig.deployDirectory Déploiement du répertoire d'application web [/home/hagimont/testws/apache-tomcat-8.5.47/webapps/manager]
29-Nov-2022 11:11:41.079 INFOS [localhost-startStop-1] org.apache.jasper.servlet.TldScanner.scanJars Au moins un fichier JAR a été analysé pour trouver des TLDs mais il n'en contenait pas, le mode "debug" du journal peut être activé pour obtenir une liste complète de JAR scannés sans succès; éviter d'analyser des JARs inutilement peut améliorer sensiblement le temps de démarrage et le temps de compilation des JSPs
29-Nov-2022 11:11:41.082 INFOS [localhost-startStop-1] org.apache.catalina.startup.HostConfig.deployDirectory Le déploiement du répertoire [/home/hagimont/testws/apache-tomcat-8.5.47/webapps/manager] de l'application web s'est terminé en [133] ms
29-Nov-2022 11:11:41.082 INFOS [localhost-startStop-1] org.apache.catalina.startup.HostConfig.deployDirectory Déploiement du répertoire d'application web [/home/hagimont/testws/apache-tomcat-8.5.47/webapps/examples]
29-Nov-2022 11:11:41.321 INFOS [localhost-startStop-1] org.apache.jasper.servlet.TldScanner.scanJars Au moins un fichier JAR a été analysé pour trouver des TLDs mais il n'en contenait pas, le mode "debug" du journal peut être activé pour obtenir une liste complète de JAR scannés sans succès; éviter d'analyser des JARs inutilement peut améliorer sensiblement le temps de démarrage et le temps de compilation des JSPs
29-Nov-2022 11:11:41.331 INFOS [localhost-startStop-1] org.apache.catalina.startup.HostConfig.deployDirectory Le déploiement du répertoire [/home/hagimont/testws/apache-tomcat-8.5.47/webapps/examples] de l'application web s'est terminé en [249] ms
29-Nov-2022 11:11:41.331 INFOS [localhost-startStop-1] org.apache.catalina.startup.HostConfig.deployDirectory Déploiement du répertoire d'application web [/home/hagimont/testws/apache-tomcat-8.5.47/webapps/host-manager]
29-Nov-2022 11:11:41.462 INFOS [localhost-startStop-1] org.apache.jasper.servlet.TldScanner.scanJars Au moins un fichier JAR a été analysé pour trouver des TLDs mais il n'en contenait pas, le mode "debug" du journal peut être activé pour obtenir une liste complète de JAR scannés sans succès; éviter d'analyser des JARs inutilement peut améliorer sensiblement le temps de démarrage et le temps de compilation des JSPs
29-Nov-2022 11:11:41.464 INFOS [localhost-startStop-1] org.apache.catalina.startup.HostConfig.deployDirectory Le déploiement du répertoire [/home/hagimont/testws/apache-tomcat-8.5.47/webapps/host-manager] de l'application web s'est terminé en [133] ms
29-Nov-2022 11:11:41.465 INFOS [main] org.apache.coyote.AbstractProtocol.start Démarrage du gestionnaire de protocole ["http-nio-8080"]
29-Nov-2022 11:11:41.470 INFOS [main] org.apache.coyote.AbstractProtocol.start Démarrage du gestionnaire de protocole ["ajp-nio-8009"]
29-Nov-2022 11:11:41.471 INFOS [main] org.apache.catalina.startup.Catalina.start Server startup in 1357 ms
29-Nov-2022 11:11:49.521 INFOS [http-nio-8080-exec-1] org.jboss.resteasy.spi.ResteasyDeployment. Deploying javax.ws.rs.core.Application: class pack.RestApp
29-Nov-2022 11:11:49.522 INFOS [http-nio-8080-exec-1] org.jboss.resteasy.spi.ResteasyDeployment. Adding singleton resource pack.Students from Application class pack.RestApp
29-Nov-2022 11:16:26.854 INFOS [main] org.apache.catalina.core.StandardServer.await Une commande d'arrêt valide a été reçue sur le port d'arrêt, arrêt de l'instance du serveur
29-Nov-2022 11:16:26.854 INFOS [main] org.apache.coyote.AbstractProtocol.pause Le gestionnaire de protocole ["http-nio-8080"] est mis en pause
29-Nov-2022 11:16:26.861 INFOS [main] org.apache.coyote.AbstractProtocol.pause Le gestionnaire de protocole ["ajp-nio-8009"] est mis en pause
29-Nov-2022 11:16:26.867 INFOS [main] org.apache.catalina.core.StandardService.stopInternal Arrêt du service [Catalina]
29-Nov-2022 11:16:26.894 INFOS [main] org.apache.coyote.AbstractProtocol.stop Arrêt du gestionnaire de protocole ["http-nio-8080"]
29-Nov-2022 11:16:26.895 INFOS [main] org.apache.coyote.AbstractProtocol.stop Arrêt du gestionnaire de protocole ["ajp-nio-8009"]
29-Nov-2022 11:16:26.896 INFOS [main] org.apache.coyote.AbstractProtocol.destroy Destruction du gestionnaire de protocole ["http-nio-8080"]
29-Nov-2022 11:16:26.896 INFOS [main] org.apache.coyote.AbstractProtocol.destroy Destruction du gestionnaire de protocole ["ajp-nio-8009"]
29-Nov-2022 11:17:42.333 INFOS [main] org.apache.catalina.startup.VersionLoggerListener.log Version du serveur:        Apache Tomcat/8.5.47
29-Nov-2022 11:17:42.335 INFOS [main] org.apache.catalina.startup.VersionLoggerListener.log Serveur compilé:       Oct 7 2019 13:30:46 UTC
29-Nov-2022 11:17:42.335 INFOS [main] org.apache.catalina.startup.VersionLoggerListener.log Version du serveur:      8.5.47.0
29-Nov-2022 11:17:42.335 INFOS [main] org.apache.catalina.startup.VersionLoggerListener.log Nom de l'OS:           Linux
29-Nov-2022 11:17:42.335 INFOS [main] org.apache.catalina.startup.VersionLoggerListener.log Version de l'OS:        5.15.0-53-generic
29-Nov-2022 11:17:42.335 INFOS [main] org.apache.catalina.startup.VersionLoggerListener.log Architecture:          amd64
29-Nov-2022 11:17:42.335 INFOS [main] org.apache.catalina.startup.VersionLoggerListener.log Répertoire de Java:     /home/hagimont/install/jdk1.8.0_202/jre
29-Nov-2022 11:17:42.335 INFOS [main] org.apache.catalina.startup.VersionLoggerListener.log Version de la JVM:           1.8.0_202-b08
29-Nov-2022 11:17:42.335 INFOS [main] org.apache.catalina.startup.VersionLoggerListener.log Fournisseur de la JVM:            Oracle Corporation
29-Nov-2022 11:17:42.335 INFOS [main] org.apache.catalina.startup.VersionLoggerListener.log CATALINA_BASE:         /home/hagimont/testws/apache-tomcat-8.5.47
29-Nov-2022 11:17:42.335 INFOS [main] org.apache.catalina.startup.VersionLoggerListener.log CATALINA_HOME:         /home/hagimont/testws/apache-tomcat-8.5.47
29-Nov-2022 11:17:42.335 INFOS [main] org.apache.catalina.startup.VersionLoggerListener.log Argument de la ligne de commande: -Djava.util.logging.config.file=/home/hagimont/testws/apache-tomcat-8.5.47/conf/logging.properties
29-Nov-2022 11:17:42.335 INFOS [main] org.apache.catalina.startup.VersionLoggerListener.log Argument de la ligne de commande: -Djava.util.logging.manager=org.apache.juli.ClassLoaderLogManager
29-Nov-2022 11:17:42.336 INFOS [main] org.apache.catalina.startup.VersionLoggerListener.log Argument de la ligne de commande: -Djdk.tls.ephemeralDHKeySize=2048
29-Nov-2022 11:17:42.336 INFOS [main] org.apache.catalina.startup.VersionLoggerListener.log Argument de la ligne de commande: -Djava.protocol.handler.pkgs=org.apache.catalina.webresources
29-Nov-2022 11:17:42.336 INFOS [main] org.apache.catalina.startup.VersionLoggerListener.log Argument de la ligne de commande: -Dorg.apache.catalina.security.SecurityListener.UMASK=0027
29-Nov-2022 11:17:42.336 INFOS [main] org.apache.catalina.startup.VersionLoggerListener.log Argument de la ligne de commande: -Dignore.endorsed.dirs=
29-Nov-2022 11:17:42.336 INFOS [main] org.apache.catalina.startup.VersionLoggerListener.log Argument de la ligne de commande: -Dcatalina.base=/home/hagimont/testws/apache-tomcat-8.5.47
29-Nov-2022 11:17:42.336 INFOS [main] org.apache.catalina.startup.VersionLoggerListener.log Argument de la ligne de commande: -Dcatalina.home=/home/hagimont/testws/apache-tomcat-8.5.47
29-Nov-2022 11:17:42.336 INFOS [main] org.apache.catalina.startup.VersionLoggerListener.log Argument de la ligne de commande: -Djava.io.tmpdir=/home/hagimont/testws/apache-tomcat-8.5.47/temp
29-Nov-2022 11:17:42.336 INFOS [main] org.apache.catalina.core.AprLifecycleListener.lifecycleEvent La librairie Apache Tomcat Native basée sur APR qui permet des performances optimales dans les environnements de production n'a pas été trouvée sur le java.library.path: [/usr/java/packages/lib/amd64:/usr/lib64:/lib64:/lib:/usr/lib]
29-Nov-2022 11:17:42.437 INFOS [main] org.apache.coyote.AbstractProtocol.init Initialisation du gestionnaire de protocole ["http-nio-8080"]
29-Nov-2022 11:17:42.444 INFOS [main] org.apache.tomcat.util.net.NioSelectorPool.getSharedSelector Using a shared selector for servlet write/read
29-Nov-2022 11:17:42.452 INFOS [main] org.apache.coyote.AbstractProtocol.init Initialisation du gestionnaire de protocole ["ajp-nio-8009"]
29-Nov-2022 11:17:42.453 INFOS [main] org.apache.tomcat.util.net.NioSelectorPool.getSharedSelector Using a shared selector for servlet write/read
29-Nov-2022 11:17:42.453 INFOS [main] org.apache.catalina.startup.Catalina.load Initialization processed in 355 ms
29-Nov-2022 11:17:42.470 INFOS [main] org.apache.catalina.core.StandardService.startInternal Démarrage du service [Catalina]
29-Nov-2022 11:17:42.470 INFOS [main] org.apache.catalina.core.StandardEngine.startInternal Starting Servlet Engine: Apache Tomcat/8.5.47
29-Nov-2022 11:17:42.482 INFOS [localhost-startStop-1] org.apache.catalina.startup.HostConfig.deployWAR Déploiement de l'archive [/home/hagimont/testws/apache-tomcat-8.5.47/webapps/students-server.war] de l'application web
29-Nov-2022 11:17:42.848 INFOS [localhost-startStop-1] org.apache.jasper.servlet.TldScanner.scanJars Au moins un fichier JAR a été analysé pour trouver des TLDs mais il n'en contenait pas, le mode "debug" du journal peut être activé pour obtenir une liste complète de JAR scannés sans succès; éviter d'analyser des JARs inutilement peut améliorer sensiblement le temps de démarrage et le temps de compilation des JSPs
29-Nov-2022 11:17:42.863 INFOS [localhost-startStop-1] org.apache.catalina.startup.HostConfig.deployWAR Le déploiement de l'archive de l'application web [/home/hagimont/testws/apache-tomcat-8.5.47/webapps/students-server.war] s'est terminé en [380] ms
29-Nov-2022 11:17:42.863 INFOS [localhost-startStop-1] org.apache.catalina.startup.HostConfig.deployWAR Déploiement de l'archive [/home/hagimont/testws/apache-tomcat-8.5.47/webapps/marks.war] de l'application web
29-Nov-2022 11:17:43.007 INFOS [localhost-startStop-1] org.apache.jasper.servlet.TldScanner.scanJars Au moins un fichier JAR a été analysé pour trouver des TLDs mais il n'en contenait pas, le mode "debug" du journal peut être activé pour obtenir une liste complète de JAR scannés sans succès; éviter d'analyser des JARs inutilement peut améliorer sensiblement le temps de démarrage et le temps de compilation des JSPs
29-Nov-2022 11:17:43.008 INFOS [localhost-startStop-1] org.apache.catalina.startup.HostConfig.deployWAR Le déploiement de l'archive de l'application web [/home/hagimont/testws/apache-tomcat-8.5.47/webapps/marks.war] s'est terminé en [145] ms
29-Nov-2022 11:17:43.009 INFOS [localhost-startStop-1] org.apache.catalina.startup.HostConfig.deployDirectory Déploiement du répertoire d'application web [/home/hagimont/testws/apache-tomcat-8.5.47/webapps/docs]
29-Nov-2022 11:17:43.160 INFOS [localhost-startStop-1] org.apache.jasper.servlet.TldScanner.scanJars Au moins un fichier JAR a été analysé pour trouver des TLDs mais il n'en contenait pas, le mode "debug" du journal peut être activé pour obtenir une liste complète de JAR scannés sans succès; éviter d'analyser des JARs inutilement peut améliorer sensiblement le temps de démarrage et le temps de compilation des JSPs
29-Nov-2022 11:17:43.162 INFOS [localhost-startStop-1] org.apache.catalina.startup.HostConfig.deployDirectory Le déploiement du répertoire [/home/hagimont/testws/apache-tomcat-8.5.47/webapps/docs] de l'application web s'est terminé en [152] ms
29-Nov-2022 11:17:43.162 INFOS [localhost-startStop-1] org.apache.catalina.startup.HostConfig.deployDirectory Déploiement du répertoire d'application web [/home/hagimont/testws/apache-tomcat-8.5.47/webapps/ROOT]
29-Nov-2022 11:17:43.313 INFOS [localhost-startStop-1] org.apache.jasper.servlet.TldScanner.scanJars Au moins un fichier JAR a été analysé pour trouver des TLDs mais il n'en contenait pas, le mode "debug" du journal peut être activé pour obtenir une liste complète de JAR scannés sans succès; éviter d'analyser des JARs inutilement peut améliorer sensiblement le temps de démarrage et le temps de compilation des JSPs
29-Nov-2022 11:17:43.315 INFOS [localhost-startStop-1] org.apache.catalina.startup.HostConfig.deployDirectory Le déploiement du répertoire [/home/hagimont/testws/apache-tomcat-8.5.47/webapps/ROOT] de l'application web s'est terminé en [153] ms
29-Nov-2022 11:17:43.315 INFOS [localhost-startStop-1] org.apache.catalina.startup.HostConfig.deployDirectory Déploiement du répertoire d'application web [/home/hagimont/testws/apache-tomcat-8.5.47/webapps/manager]
29-Nov-2022 11:17:43.449 INFOS [localhost-startStop-1] org.apache.jasper.servlet.TldScanner.scanJars Au moins un fichier JAR a été analysé pour trouver des TLDs mais il n'en contenait pas, le mode "debug" du journal peut être activé pour obtenir une liste complète de JAR scannés sans succès; éviter d'analyser des JARs inutilement peut améliorer sensiblement le temps de démarrage et le temps de compilation des JSPs
29-Nov-2022 11:17:43.453 INFOS [localhost-startStop-1] org.apache.catalina.startup.HostConfig.deployDirectory Le déploiement du répertoire [/home/hagimont/testws/apache-tomcat-8.5.47/webapps/manager] de l'application web s'est terminé en [137] ms
29-Nov-2022 11:17:43.453 INFOS [localhost-startStop-1] org.apache.catalina.startup.HostConfig.deployDirectory Déploiement du répertoire d'application web [/home/hagimont/testws/apache-tomcat-8.5.47/webapps/examples]
29-Nov-2022 11:17:43.694 INFOS [localhost-startStop-1] org.apache.jasper.servlet.TldScanner.scanJars Au moins un fichier JAR a été analysé pour trouver des TLDs mais il n'en contenait pas, le mode "debug" du journal peut être activé pour obtenir une liste complète de JAR scannés sans succès; éviter d'analyser des JARs inutilement peut améliorer sensiblement le temps de démarrage et le temps de compilation des JSPs
29-Nov-2022 11:17:43.703 INFOS [localhost-startStop-1] org.apache.catalina.startup.HostConfig.deployDirectory Le déploiement du répertoire [/home/hagimont/testws/apache-tomcat-8.5.47/webapps/examples] de l'application web s'est terminé en [250] ms
29-Nov-2022 11:17:43.703 INFOS [localhost-startStop-1] org.apache.catalina.startup.HostConfig.deployDirectory Déploiement du répertoire d'application web [/home/hagimont/testws/apache-tomcat-8.5.47/webapps/host-manager]
29-Nov-2022 11:17:43.841 INFOS [localhost-startStop-1] org.apache.jasper.servlet.TldScanner.scanJars Au moins un fichier JAR a été analysé pour trouver des TLDs mais il n'en contenait pas, le mode "debug" du journal peut être activé pour obtenir une liste complète de JAR scannés sans succès; éviter d'analyser des JARs inutilement peut améliorer sensiblement le temps de démarrage et le temps de compilation des JSPs
29-Nov-2022 11:17:43.842 INFOS [localhost-startStop-1] org.apache.catalina.startup.HostConfig.deployDirectory Le déploiement du répertoire [/home/hagimont/testws/apache-tomcat-8.5.47/webapps/host-manager] de l'application web s'est terminé en [139] ms
29-Nov-2022 11:17:43.844 INFOS [main] org.apache.coyote.AbstractProtocol.start Démarrage du gestionnaire de protocole ["http-nio-8080"]
29-Nov-2022 11:17:43.851 INFOS [main] org.apache.coyote.AbstractProtocol.start Démarrage du gestionnaire de protocole ["ajp-nio-8009"]
29-Nov-2022 11:17:43.852 INFOS [main] org.apache.catalina.startup.Catalina.start Server startup in 1398 ms
29-Nov-2022 11:17:49.082 INFOS [http-nio-8080-exec-1] org.jboss.resteasy.spi.ResteasyDeployment. Deploying javax.ws.rs.core.Application: class pack.RestApp
29-Nov-2022 11:17:49.083 INFOS [http-nio-8080-exec-1] org.jboss.resteasy.spi.ResteasyDeployment. Adding singleton resource pack.Students from Application class pack.RestApp
29-Nov-2022 11:19:53.899 INFOS [localhost-startStop-2] org.apache.catalina.startup.HostConfig.deployWAR Déploiement de l'archive [/home/hagimont/testws/apache-tomcat-8.5.47/webapps/soap.war] de l'application web
29-Nov-2022 11:19:54.168 INFOS [localhost-startStop-2] org.apache.jasper.servlet.TldScanner.scanJars Au moins un fichier JAR a été analysé pour trouver des TLDs mais il n'en contenait pas, le mode "debug" du journal peut être activé pour obtenir une liste complète de JAR scannés sans succès; éviter d'analyser des JARs inutilement peut améliorer sensiblement le temps de démarrage et le temps de compilation des JSPs
29-Nov-2022 11:19:54.204 GRAVE [localhost-startStop-2] org.apache.axis.configuration.EngineConfigurationFactoryServlet.getServerEngineConfig Unable to find config file.  Creating new servlet engine config file: /WEB-INF/server-config.wsdd
29-Nov-2022 11:19:54.241 AVERTISSEMENT [localhost-startStop-2] org.apache.axis.utils.JavaUtils.isAttachmentSupported Unable to find required classes (javax.activation.DataHandler and javax.mail.internet.MimeMultipart). Attachment support is disabled.
29-Nov-2022 11:19:54.301 INFOS [localhost-startStop-2] org.apache.catalina.startup.HostConfig.deployWAR Le déploiement de l'archive de l'application web [/home/hagimont/testws/apache-tomcat-8.5.47/webapps/soap.war] s'est terminé en [402] ms
29-Nov-2022 11:20:44.217 GRAVE [http-nio-8080-exec-3] org.apache.axis.configuration.EngineConfigurationFactoryServlet.getServerEngineConfig Unable to find config file.  Creating new servlet engine config file: /WEB-INF/server-config.wsdd
29-Nov-2022 11:21:36.725 INFOS [main] org.apache.catalina.core.StandardServer.await Une commande d'arrêt valide a été reçue sur le port d'arrêt, arrêt de l'instance du serveur
29-Nov-2022 11:21:36.726 INFOS [main] org.apache.coyote.AbstractProtocol.pause Le gestionnaire de protocole ["http-nio-8080"] est mis en pause
29-Nov-2022 11:21:36.733 INFOS [main] org.apache.coyote.AbstractProtocol.pause Le gestionnaire de protocole ["ajp-nio-8009"] est mis en pause
29-Nov-2022 11:21:36.738 INFOS [main] org.apache.catalina.core.StandardService.stopInternal Arrêt du service [Catalina]
29-Nov-2022 11:21:36.760 INFOS [main] org.apache.coyote.AbstractProtocol.stop Arrêt du gestionnaire de protocole ["http-nio-8080"]
29-Nov-2022 11:21:36.761 INFOS [main] org.apache.coyote.AbstractProtocol.stop Arrêt du gestionnaire de protocole ["ajp-nio-8009"]
29-Nov-2022 11:21:36.761 INFOS [main] org.apache.coyote.AbstractProtocol.destroy Destruction du gestionnaire de protocole ["http-nio-8080"]
29-Nov-2022 11:21:36.762 INFOS [main] org.apache.coyote.AbstractProtocol.destroy Destruction du gestionnaire de protocole ["ajp-nio-8009"]
29-Nov-2022 11:22:25.149 INFOS [main] org.apache.catalina.startup.VersionLoggerListener.log Version du serveur:        Apache Tomcat/8.5.47
29-Nov-2022 11:22:25.151 INFOS [main] org.apache.catalina.startup.VersionLoggerListener.log Serveur compilé:       Oct 7 2019 13:30:46 UTC
29-Nov-2022 11:22:25.151 INFOS [main] org.apache.catalina.startup.VersionLoggerListener.log Version du serveur:      8.5.47.0
29-Nov-2022 11:22:25.151 INFOS [main] org.apache.catalina.startup.VersionLoggerListener.log Nom de l'OS:           Linux
29-Nov-2022 11:22:25.151 INFOS [main] org.apache.catalina.startup.VersionLoggerListener.log Version de l'OS:        5.15.0-53-generic
29-Nov-2022 11:22:25.151 INFOS [main] org.apache.catalina.startup.VersionLoggerListener.log Architecture:          amd64
29-Nov-2022 11:22:25.151 INFOS [main] org.apache.catalina.startup.VersionLoggerListener.log Répertoire de Java:     /home/hagimont/install/jdk1.8.0_202/jre
29-Nov-2022 11:22:25.151 INFOS [main] org.apache.catalina.startup.VersionLoggerListener.log Version de la JVM:           1.8.0_202-b08
29-Nov-2022 11:22:25.151 INFOS [main] org.apache.catalina.startup.VersionLoggerListener.log Fournisseur de la JVM:            Oracle Corporation
29-Nov-2022 11:22:25.151 INFOS [main] org.apache.catalina.startup.VersionLoggerListener.log CATALINA_BASE:         /home/hagimont/testws/apache-tomcat-8.5.47
29-Nov-2022 11:22:25.151 INFOS [main] org.apache.catalina.startup.VersionLoggerListener.log CATALINA_HOME:         /home/hagimont/testws/apache-tomcat-8.5.47
29-Nov-2022 11:22:25.151 INFOS [main] org.apache.catalina.startup.VersionLoggerListener.log Argument de la ligne de commande: -Djava.util.logging.config.file=/home/hagimont/testws/apache-tomcat-8.5.47/conf/logging.properties
29-Nov-2022 11:22:25.151 INFOS [main] org.apache.catalina.startup.VersionLoggerListener.log Argument de la ligne de commande: -Djava.util.logging.manager=org.apache.juli.ClassLoaderLogManager
29-Nov-2022 11:22:25.151 INFOS [main] org.apache.catalina.startup.VersionLoggerListener.log Argument de la ligne de commande: -Djdk.tls.ephemeralDHKeySize=2048
29-Nov-2022 11:22:25.152 INFOS [main] org.apache.catalina.startup.VersionLoggerListener.log Argument de la ligne de commande: -Djava.protocol.handler.pkgs=org.apache.catalina.webresources
29-Nov-2022 11:22:25.152 INFOS [main] org.apache.catalina.startup.VersionLoggerListener.log Argument de la ligne de commande: -Dorg.apache.catalina.security.SecurityListener.UMASK=0027
29-Nov-2022 11:22:25.152 INFOS [main] org.apache.catalina.startup.VersionLoggerListener.log Argument de la ligne de commande: -Dignore.endorsed.dirs=
29-Nov-2022 11:22:25.152 INFOS [main] org.apache.catalina.startup.VersionLoggerListener.log Argument de la ligne de commande: -Dcatalina.base=/home/hagimont/testws/apache-tomcat-8.5.47
29-Nov-2022 11:22:25.152 INFOS [main] org.apache.catalina.startup.VersionLoggerListener.log Argument de la ligne de commande: -Dcatalina.home=/home/hagimont/testws/apache-tomcat-8.5.47
29-Nov-2022 11:22:25.152 INFOS [main] org.apache.catalina.startup.VersionLoggerListener.log Argument de la ligne de commande: -Djava.io.tmpdir=/home/hagimont/testws/apache-tomcat-8.5.47/temp
29-Nov-2022 11:22:25.152 INFOS [main] org.apache.catalina.core.AprLifecycleListener.lifecycleEvent La librairie Apache Tomcat Native basée sur APR qui permet des performances optimales dans les environnements de production n'a pas été trouvée sur le java.library.path: [/usr/java/packages/lib/amd64:/usr/lib64:/lib64:/lib:/usr/lib]
29-Nov-2022 11:22:25.257 INFOS [main] org.apache.coyote.AbstractProtocol.init Initialisation du gestionnaire de protocole ["http-nio-8080"]
29-Nov-2022 11:22:25.263 INFOS [main] org.apache.tomcat.util.net.NioSelectorPool.getSharedSelector Using a shared selector for servlet write/read
29-Nov-2022 11:22:25.271 INFOS [main] org.apache.coyote.AbstractProtocol.init Initialisation du gestionnaire de protocole ["ajp-nio-8009"]
29-Nov-2022 11:22:25.272 INFOS [main] org.apache.tomcat.util.net.NioSelectorPool.getSharedSelector Using a shared selector for servlet write/read
29-Nov-2022 11:22:25.273 INFOS [main] org.apache.catalina.startup.Catalina.load Initialization processed in 367 ms
29-Nov-2022 11:22:25.289 INFOS [main] org.apache.catalina.core.StandardService.startInternal Démarrage du service [Catalina]
29-Nov-2022 11:22:25.289 INFOS [main] org.apache.catalina.core.StandardEngine.startInternal Starting Servlet Engine: Apache Tomcat/8.5.47
29-Nov-2022 11:22:25.301 INFOS [localhost-startStop-1] org.apache.catalina.startup.HostConfig.deployWAR Déploiement de l'archive [/home/hagimont/testws/apache-tomcat-8.5.47/webapps/soap.war] de l'application web
29-Nov-2022 11:22:25.776 INFOS [localhost-startStop-1] org.apache.jasper.servlet.TldScanner.scanJars Au moins un fichier JAR a été analysé pour trouver des TLDs mais il n'en contenait pas, le mode "debug" du journal peut être activé pour obtenir une liste complète de JAR scannés sans succès; éviter d'analyser des JARs inutilement peut améliorer sensiblement le temps de démarrage et le temps de compilation des JSPs
29-Nov-2022 11:22:25.830 GRAVE [localhost-startStop-1] org.apache.axis.configuration.EngineConfigurationFactoryServlet.getServerEngineConfig Unable to find config file.  Creating new servlet engine config file: /WEB-INF/server-config.wsdd
29-Nov-2022 11:22:25.886 AVERTISSEMENT [localhost-startStop-1] org.apache.axis.utils.JavaUtils.isAttachmentSupported Unable to find required classes (javax.activation.DataHandler and javax.mail.internet.MimeMultipart). Attachment support is disabled.
29-Nov-2022 11:22:25.950 INFOS [localhost-startStop-1] org.apache.catalina.startup.HostConfig.deployWAR Le déploiement de l'archive de l'application web [/home/hagimont/testws/apache-tomcat-8.5.47/webapps/soap.war] s'est terminé en [649] ms
29-Nov-2022 11:22:25.951 INFOS [localhost-startStop-1] org.apache.catalina.startup.HostConfig.deployWAR Déploiement de l'archive [/home/hagimont/testws/apache-tomcat-8.5.47/webapps/students-server.war] de l'application web
29-Nov-2022 11:22:26.099 INFOS [localhost-startStop-1] org.apache.jasper.servlet.TldScanner.scanJars Au moins un fichier JAR a été analysé pour trouver des TLDs mais il n'en contenait pas, le mode "debug" du journal peut être activé pour obtenir une liste complète de JAR scannés sans succès; éviter d'analyser des JARs inutilement peut améliorer sensiblement le temps de démarrage et le temps de compilation des JSPs
29-Nov-2022 11:22:26.101 INFOS [localhost-startStop-1] org.apache.catalina.startup.HostConfig.deployWAR Le déploiement de l'archive de l'application web [/home/hagimont/testws/apache-tomcat-8.5.47/webapps/students-server.war] s'est terminé en [150] ms
29-Nov-2022 11:22:26.101 INFOS [localhost-startStop-1] org.apache.catalina.startup.HostConfig.deployWAR Déploiement de l'archive [/home/hagimont/testws/apache-tomcat-8.5.47/webapps/marks.war] de l'application web
29-Nov-2022 11:22:26.248 INFOS [localhost-startStop-1] org.apache.jasper.servlet.TldScanner.scanJars Au moins un fichier JAR a été analysé pour trouver des TLDs mais il n'en contenait pas, le mode "debug" du journal peut être activé pour obtenir une liste complète de JAR scannés sans succès; éviter d'analyser des JARs inutilement peut améliorer sensiblement le temps de démarrage et le temps de compilation des JSPs
29-Nov-2022 11:22:26.249 INFOS [localhost-startStop-1] org.apache.catalina.startup.HostConfig.deployWAR Le déploiement de l'archive de l'application web [/home/hagimont/testws/apache-tomcat-8.5.47/webapps/marks.war] s'est terminé en [148] ms
29-Nov-2022 11:22:26.250 INFOS [localhost-startStop-1] org.apache.catalina.startup.HostConfig.deployDirectory Déploiement du répertoire d'application web [/home/hagimont/testws/apache-tomcat-8.5.47/webapps/docs]
29-Nov-2022 11:22:26.368 INFOS [localhost-startStop-1] org.apache.jasper.servlet.TldScanner.scanJars Au moins un fichier JAR a été analysé pour trouver des TLDs mais il n'en contenait pas, le mode "debug" du journal peut être activé pour obtenir une liste complète de JAR scannés sans succès; éviter d'analyser des JARs inutilement peut améliorer sensiblement le temps de démarrage et le temps de compilation des JSPs
29-Nov-2022 11:22:26.369 INFOS [localhost-startStop-1] org.apache.catalina.startup.HostConfig.deployDirectory Le déploiement du répertoire [/home/hagimont/testws/apache-tomcat-8.5.47/webapps/docs] de l'application web s'est terminé en [119] ms
29-Nov-2022 11:22:26.370 INFOS [localhost-startStop-1] org.apache.catalina.startup.HostConfig.deployDirectory Déploiement du répertoire d'application web [/home/hagimont/testws/apache-tomcat-8.5.47/webapps/ROOT]
29-Nov-2022 11:22:26.512 INFOS [localhost-startStop-1] org.apache.jasper.servlet.TldScanner.scanJars Au moins un fichier JAR a été analysé pour trouver des TLDs mais il n'en contenait pas, le mode "debug" du journal peut être activé pour obtenir une liste complète de JAR scannés sans succès; éviter d'analyser des JARs inutilement peut améliorer sensiblement le temps de démarrage et le temps de compilation des JSPs
29-Nov-2022 11:22:26.513 INFOS [localhost-startStop-1] org.apache.catalina.startup.HostConfig.deployDirectory Le déploiement du répertoire [/home/hagimont/testws/apache-tomcat-8.5.47/webapps/ROOT] de l'application web s'est terminé en [143] ms
29-Nov-2022 11:22:26.513 INFOS [localhost-startStop-1] org.apache.catalina.startup.HostConfig.deployDirectory Déploiement du répertoire d'application web [/home/hagimont/testws/apache-tomcat-8.5.47/webapps/manager]
29-Nov-2022 11:22:26.648 INFOS [localhost-startStop-1] org.apache.jasper.servlet.TldScanner.scanJars Au moins un fichier JAR a été analysé pour trouver des TLDs mais il n'en contenait pas, le mode "debug" du journal peut être activé pour obtenir une liste complète de JAR scannés sans succès; éviter d'analyser des JARs inutilement peut améliorer sensiblement le temps de démarrage et le temps de compilation des JSPs
29-Nov-2022 11:22:26.652 INFOS [localhost-startStop-1] org.apache.catalina.startup.HostConfig.deployDirectory Le déploiement du répertoire [/home/hagimont/testws/apache-tomcat-8.5.47/webapps/manager] de l'application web s'est terminé en [138] ms
29-Nov-2022 11:22:26.652 INFOS [localhost-startStop-1] org.apache.catalina.startup.HostConfig.deployDirectory Déploiement du répertoire d'application web [/home/hagimont/testws/apache-tomcat-8.5.47/webapps/examples]
29-Nov-2022 11:22:26.867 INFOS [localhost-startStop-1] org.apache.jasper.servlet.TldScanner.scanJars Au moins un fichier JAR a été analysé pour trouver des TLDs mais il n'en contenait pas, le mode "debug" du journal peut être activé pour obtenir une liste complète de JAR scannés sans succès; éviter d'analyser des JARs inutilement peut améliorer sensiblement le temps de démarrage et le temps de compilation des JSPs
29-Nov-2022 11:22:26.876 INFOS [localhost-startStop-1] org.apache.catalina.startup.HostConfig.deployDirectory Le déploiement du répertoire [/home/hagimont/testws/apache-tomcat-8.5.47/webapps/examples] de l'application web s'est terminé en [224] ms
29-Nov-2022 11:22:26.877 INFOS [localhost-startStop-1] org.apache.catalina.startup.HostConfig.deployDirectory Déploiement du répertoire d'application web [/home/hagimont/testws/apache-tomcat-8.5.47/webapps/host-manager]
29-Nov-2022 11:22:27.025 INFOS [localhost-startStop-1] org.apache.jasper.servlet.TldScanner.scanJars Au moins un fichier JAR a été analysé pour trouver des TLDs mais il n'en contenait pas, le mode "debug" du journal peut être activé pour obtenir une liste complète de JAR scannés sans succès; éviter d'analyser des JARs inutilement peut améliorer sensiblement le temps de démarrage et le temps de compilation des JSPs
29-Nov-2022 11:22:27.026 INFOS [localhost-startStop-1] org.apache.catalina.startup.HostConfig.deployDirectory Le déploiement du répertoire [/home/hagimont/testws/apache-tomcat-8.5.47/webapps/host-manager] de l'application web s'est terminé en [149] ms
29-Nov-2022 11:22:27.029 INFOS [main] org.apache.coyote.AbstractProtocol.start Démarrage du gestionnaire de protocole ["http-nio-8080"]
29-Nov-2022 11:22:27.036 INFOS [main] org.apache.coyote.AbstractProtocol.start Démarrage du gestionnaire de protocole ["ajp-nio-8009"]
29-Nov-2022 11:22:27.037 INFOS [main] org.apache.catalina.startup.Catalina.start Server startup in 1763 ms
29-Nov-2022 11:22:37.529 INFOS [ContainerBackgroundProcessor[StandardEngine[Catalina]]] org.apache.catalina.startup.HostConfig.undeploy Retrait de l'application web ayant pour chemin de contexte [/soap]
29-Nov-2022 11:22:57.569 INFOS [localhost-startStop-2] org.apache.catalina.startup.HostConfig.deployWAR Déploiement de l'archive [/home/hagimont/testws/apache-tomcat-8.5.47/webapps/soap.war] de l'application web
29-Nov-2022 11:22:57.786 INFOS [localhost-startStop-2] org.apache.jasper.servlet.TldScanner.scanJars Au moins un fichier JAR a été analysé pour trouver des TLDs mais il n'en contenait pas, le mode "debug" du journal peut être activé pour obtenir une liste complète de JAR scannés sans succès; éviter d'analyser des JARs inutilement peut améliorer sensiblement le temps de démarrage et le temps de compilation des JSPs
29-Nov-2022 11:22:57.829 AVERTISSEMENT [localhost-startStop-2] org.apache.axis.utils.JavaUtils.isAttachmentSupported Unable to find required classes (javax.activation.DataHandler and javax.mail.internet.MimeMultipart). Attachment support is disabled.
29-Nov-2022 11:22:57.880 INFOS [localhost-startStop-2] org.apache.catalina.startup.HostConfig.deployWAR Le déploiement de l'archive de l'application web [/home/hagimont/testws/apache-tomcat-8.5.47/webapps/soap.war] s'est terminé en [311] ms
29-Nov-2022 11:23:20.602 INFOS [http-nio-8080-exec-4] org.jboss.resteasy.spi.ResteasyDeployment. Deploying javax.ws.rs.core.Application: class pack.RestApp
29-Nov-2022 11:23:20.603 INFOS [http-nio-8080-exec-4] org.jboss.resteasy.spi.ResteasyDeployment. Adding singleton resource pack.Students from Application class pack.RestApp
